2023-04-18 12:02:37 Thread: [main] INFO [BaseTest] Before test started
2023-04-18 12:09:48 Thread: [main] INFO [BaseTest] Before test started
2023-04-18 12:15:44 Thread: [main] INFO [BaseTest] Before test started
2023-04-18 12:17:10 Thread: [main] INFO [BaseTest] Before test started
2023-04-18 12:17:40 Thread: [main] INFO [BaseTest] Before test ended
2023-04-18 12:17:40 Thread: [main] INFO [BaseTest] beforeMethod deleting cookies
2023-04-18 12:17:40 Thread: [main] INFO [BaseTest] Opening https://litecart.stqa.ru/en/
2023-04-18 12:17:44 Thread: [main] INFO [LoginTest] TestIncorrectLogin started
2023-04-18 12:17:44 Thread: [main] INFO [pageOblects.MainPage] start filling with xwq2@de.com
2023-04-18 12:17:48 Thread: [main] INFO [pageOblects.MainPage] start filling with 123
2023-04-18 12:17:48 Thread: [main] INFO [pageOblects.MainPage] start clicking button By.xpath: //button[@value='Login']
2023-04-18 12:17:53 Thread: [main] INFO [pageOblects.MainPage] method 'fillIncorrectLoginAndSend' ended
2023-04-18 12:17:54 Thread: [main] INFO [pageOblects.MainPage] start getting error message: Wrong password or the account is disabled, or does not exist
2023-04-18 12:17:54 Thread: [main] INFO [pageOblects.MainPage] start getting error message: Wrong password or the account is disabled, or does not exist
2023-04-18 12:17:55 Thread: [main] INFO [BaseTest] Tests ended
2023-04-18 12:19:08 Thread: [main] INFO [BaseTest] Before test started
2023-04-18 12:19:32 Thread: [main] INFO [BaseTest] Before test ended
2023-04-18 12:19:33 Thread: [main] INFO [BaseTest] beforeMethod deleting cookies
2023-04-18 12:19:33 Thread: [main] INFO [BaseTest] Opening https://litecart.stqa.ru/en/
2023-04-18 12:19:39 Thread: [main] INFO [LoginTest] TestCorrectLogin started
2023-04-18 12:19:39 Thread: [main] INFO [pageOblects.MainPage] start filling viktar.kudasau@gmail.com
2023-04-18 12:19:43 Thread: [main] INFO [pageOblects.MainPage] start filling 123456789
2023-04-18 12:19:45 Thread: [main] INFO [pageOblects.MainPage] start clicking button By.xpath: //button[@value='Login']
2023-04-18 12:19:48 Thread: [main] INFO [pageOblects.MainPage] method 'fillCorrectLoginAndSend' ended
2023-04-18 12:19:48 Thread: [main] INFO [pageOblects.MainPage] start getting success message: You are now logged in as Viktar Kudasau.
2023-04-18 12:19:50 Thread: [main] INFO [pageOblects.MainPage] start getting success message: You are now logged in as Viktar Kudasau.
2023-04-18 12:19:51 Thread: [main] INFO [BaseTest] beforeMethod deleting cookies
2023-04-18 12:19:51 Thread: [main] INFO [BaseTest] Opening https://litecart.stqa.ru/en/
2023-04-18 12:19:52 Thread: [main] INFO [LoginTest] TestIncorrectLogin started
2023-04-18 12:19:52 Thread: [main] INFO [pageOblects.MainPage] start filling with xwq2@de.com
2023-04-18 12:19:53 Thread: [main] INFO [pageOblects.MainPage] start filling with 123
2023-04-18 12:19:54 Thread: [main] INFO [pageOblects.MainPage] start clicking button By.xpath: //button[@value='Login']
2023-04-18 12:19:59 Thread: [main] INFO [pageOblects.MainPage] method 'fillIncorrectLoginAndSend' ended
2023-04-18 12:19:59 Thread: [main] INFO [pageOblects.MainPage] start getting error message: Wrong password or the account is disabled, or does not exist
2023-04-18 12:19:59 Thread: [main] INFO [pageOblects.MainPage] start getting error message: Wrong password or the account is disabled, or does not exist
2023-04-18 12:19:59 Thread: [main] INFO [BaseTest] Tests ended
2023-04-18 12:23:16 Thread: [main] INFO [BaseTest] Before test started
2023-04-18 12:24:08 Thread: [main] INFO [BaseTest] Before test started
2023-04-18 12:24:31 Thread: [main] INFO [BaseTest] Before test ended
2023-04-18 12:24:31 Thread: [main] INFO [BaseTest] beforeMethod deleting cookies
2023-04-18 12:24:31 Thread: [main] INFO [BaseTest] Opening https://litecart.stqa.ru/en/
2023-04-18 12:24:37 Thread: [main] INFO [LoginTest] TestCorrectLogin started
2023-04-18 12:24:37 Thread: [main] INFO [pageOblects.MainPage] start filling viktar.kudasau@gmail.com
2023-04-18 12:24:38 Thread: [main] INFO [pageOblects.MainPage] start filling 123456789
2023-04-18 12:24:38 Thread: [main] INFO [pageOblects.MainPage] start clicking button By.xpath: //button[@value='Login']
2023-04-18 12:24:40 Thread: [main] INFO [pageOblects.MainPage] method 'fillCorrectLoginAndSend' ended
2023-04-18 12:24:40 Thread: [main] INFO [pageOblects.MainPage] start getting success message: You are now logged in as Viktar Kudasau.
2023-04-18 12:24:41 Thread: [main] INFO [pageOblects.MainPage] start getting success message: You are now logged in as Viktar Kudasau.
2023-04-18 12:24:42 Thread: [main] INFO [BaseTest] beforeMethod deleting cookies
2023-04-18 12:24:42 Thread: [main] INFO [BaseTest] Opening https://litecart.stqa.ru/en/
2023-04-18 12:24:43 Thread: [main] INFO [LoginTest] TestIncorrectLogin started
2023-04-18 12:24:43 Thread: [main] INFO [pageOblects.MainPage] start filling with xwq2@de.com
2023-04-18 12:24:44 Thread: [main] INFO [pageOblects.MainPage] start filling with 123
2023-04-18 12:24:44 Thread: [main] INFO [pageOblects.MainPage] start clicking button By.xpath: //button[@value='Login']
2023-04-18 12:24:48 Thread: [main] INFO [pageOblects.MainPage] method 'fillIncorrectLoginAndSend' ended
2023-04-18 12:24:48 Thread: [main] INFO [pageOblects.MainPage] start getting error message: Wrong password or the account is disabled, or does not exist
2023-04-18 12:24:49 Thread: [main] INFO [pageOblects.MainPage] start getting error message: Wrong password or the account is disabled, or does not exist
2023-04-18 12:24:49 Thread: [main] INFO [BaseTest] Tests ended
2023-04-18 12:27:48 Thread: [main] INFO [BaseTest] Before test started
2023-04-18 12:28:08 Thread: [main] INFO [BaseTest] Before test ended
2023-04-18 12:28:08 Thread: [main] INFO [BaseTest] beforeMethod deleting cookies
2023-04-18 12:28:09 Thread: [main] INFO [BaseTest] Opening https://litecart.stqa.ru/en/
2023-04-18 12:28:13 Thread: [main] INFO [LoginTest] TestCorrectLogin started
2023-04-18 12:28:13 Thread: [main] INFO [pageOblects.MainPage] start filling viktar.kudasau@gmail.com
2023-04-18 12:28:17 Thread: [main] INFO [pageOblects.MainPage] start filling 123456789
2023-04-18 12:28:18 Thread: [main] INFO [pageOblects.MainPage] start clicking button By.xpath: //button[@value='Login']
2023-04-18 12:28:19 Thread: [main] INFO [pageOblects.MainPage] method 'fillCorrectLoginAndSend' ended
2023-04-18 12:28:19 Thread: [main] INFO [pageOblects.MainPage] start getting success message: You are now logged in as Viktar Kudasau.
2023-04-18 12:28:19 Thread: [main] INFO [pageOblects.MainPage] start getting success message: You are now logged in as Viktar Kudasau.
2023-04-18 12:28:20 Thread: [main] INFO [BaseTest] beforeMethod deleting cookies
2023-04-18 12:28:20 Thread: [main] INFO [BaseTest] Opening https://litecart.stqa.ru/en/
2023-04-18 12:28:21 Thread: [main] INFO [LoginTest] TestIncorrectLogin started
2023-04-18 12:28:21 Thread: [main] INFO [pageOblects.MainPage] start filling with xwq2@de.com
2023-04-18 12:28:21 Thread: [main] INFO [pageOblects.MainPage] start filling with 123
2023-04-18 12:28:21 Thread: [main] INFO [pageOblects.MainPage] start clicking button By.xpath: //button[@value='Login']
2023-04-18 12:28:25 Thread: [main] INFO [pageOblects.MainPage] method 'fillIncorrectLoginAndSend' ended
2023-04-18 12:28:25 Thread: [main] INFO [pageOblects.MainPage] start getting error message: Wrong password or the account is disabled, or does not exist
2023-04-18 12:28:26 Thread: [main] INFO [pageOblects.MainPage] start getting error message: Wrong password or the account is disabled, or does not exist
2023-04-18 12:28:26 Thread: [main] INFO [BaseTest] Tests ended
2023-04-18 12:29:15 Thread: [main] INFO [BaseTest] Before test started
2023-04-18 12:29:36 Thread: [main] INFO [BaseTest] Before test ended
2023-04-18 12:29:37 Thread: [main] INFO [BaseTest] beforeMethod deleting cookies
2023-04-18 12:29:37 Thread: [main] INFO [BaseTest] Opening https://litecart.stqa.ru/en/
2023-04-18 12:29:43 Thread: [main] INFO [BaseTest] quantityDucksTest started
2023-04-18 12:29:46 Thread: [main] INFO [BaseTest] beforeMethod deleting cookies
2023-04-18 12:29:46 Thread: [main] INFO [BaseTest] Opening https://litecart.stqa.ru/en/
2023-04-18 12:29:47 Thread: [main] INFO [BaseTest] sortByDateTest started
2023-04-18 12:29:49 Thread: [main] INFO [BaseTest] beforeMethod deleting cookies
2023-04-18 12:29:49 Thread: [main] INFO [BaseTest] Opening https://litecart.stqa.ru/en/
2023-04-18 12:29:50 Thread: [main] INFO [BaseTest] sortByNameTest started
2023-04-18 12:29:52 Thread: [main] INFO [BaseTest] Tests ended
2023-04-18 12:41:38 Thread: [main] INFO [BaseTest] Before test started
2023-04-18 12:41:59 Thread: [main] INFO [BaseTest] Before test ended
2023-04-18 12:41:59 Thread: [main] INFO [BaseTest] beforeMethod deleting cookies
2023-04-18 12:41:59 Thread: [main] INFO [BaseTest] Opening https://litecart.stqa.ru/en/
2023-04-18 12:42:05 Thread: [main] INFO [BaseTest] quantityDucksTest started
2023-04-18 12:42:07 Thread: [main] INFO [BaseTest] beforeMethod deleting cookies
2023-04-18 12:42:08 Thread: [main] INFO [BaseTest] Opening https://litecart.stqa.ru/en/
2023-04-18 12:42:09 Thread: [main] INFO [BaseTest] sortByDateTest started
2023-04-18 12:42:11 Thread: [main] INFO [BaseTest] beforeMethod deleting cookies
2023-04-18 12:42:11 Thread: [main] INFO [BaseTest] Opening https://litecart.stqa.ru/en/
2023-04-18 12:42:12 Thread: [main] INFO [BaseTest] sortByNameTest started
2023-04-18 13:03:47 Thread: [main] INFO [BaseTest] Before test started
2023-04-18 13:04:10 Thread: [main] INFO [BaseTest] Before test ended
2023-04-18 13:04:10 Thread: [main] INFO [BaseTest] beforeMethod deleting cookies
2023-04-18 13:04:11 Thread: [main] INFO [BaseTest] Opening https://litecart.stqa.ru/en/
2023-04-18 13:04:21 Thread: [main] INFO [LoginTest] TestCorrectLogin started
2023-04-18 13:04:21 Thread: [main] INFO [pageOblects.MainPage] start filling viktar.kudasau@gmail.com
2023-04-18 13:04:23 Thread: [main] INFO [pageOblects.MainPage] start filling 123456789
2023-04-18 13:04:23 Thread: [main] INFO [pageOblects.MainPage] start clicking button By.xpath: //button[@value='Login']
2023-04-18 13:04:24 Thread: [main] INFO [pageOblects.MainPage] method 'fillCorrectLoginAndSend' ended
2023-04-18 13:04:24 Thread: [main] INFO [pageOblects.MainPage] start getting success message: You are now logged in as Viktar Kudasau.
2023-04-18 13:04:25 Thread: [main] INFO [pageOblects.MainPage] start getting success message: You are now logged in as Viktar Kudasau.
2023-04-18 13:04:25 Thread: [main] INFO [BaseTest] beforeMethod deleting cookies
2023-04-18 13:04:25 Thread: [main] INFO [BaseTest] Opening https://litecart.stqa.ru/en/
2023-04-18 13:04:26 Thread: [main] INFO [LoginTest] TestIncorrectLogin started
2023-04-18 13:04:26 Thread: [main] INFO [pageOblects.MainPage] start filling with xwq2@de.com
