#
# There is insufficient memory for the Java Runtime Environment to continue.
# Native memory allocation (mmap) failed to map 65536 bytes for Failed to commit metaspace.
# Possible reasons:
#   The system is out of physical RAM or swap space
#   The process is running with CompressedOops enabled, and the Java Heap may be blocking the growth of the native heap
# Possible solutions:
#   Reduce memory load on the system
#   Increase physical memory or swap space
#   Check if swap backing store is full
#   Decrease Java heap size (-Xmx/-Xms)
#   Decrease number of Java threads
#   Decrease Java thread stack sizes (-Xss)
#   Set larger code cache with -XX:ReservedCodeCacheSize=
#   JVM is running with Unscaled Compressed Oops mode in which the Java heap is
#     placed in the first 4GB address space. The Java Heap base address is the
#     maximum limit for the native heap growth. Please use -XX:HeapBaseMinAddress
#     to set the Java Heap base and to place the Java Heap above 4GB virtual address.
# This output file may be truncated or incomplete.
#
#  Out of Memory Error (virtualSpaceNode.cpp:110), pid=14112, tid=13520
#
# JRE version: Java(TM) SE Runtime Environment (19.0.2+7) (build 19.0.2+7-44)
# Java VM: Java HotSpot(TM) 64-Bit Server VM (19.0.2+7-44, mixed mode, sharing, tiered, compressed oops, compressed class ptrs, g1 gc, windows-amd64)
# No core dump will be written. Minidumps are not enabled by default on client versions of Windows
#

---------------  S U M M A R Y ------------

Command Line: io.qameta.allure.CommandLine serve C:\Git\Java45\ChromDriverDucksAllure\target\allure-results

Host: AMD A9-9425 RADEON R5, 5 COMPUTE CORES 2C+3G   , 2 cores, 3G,  Windows 10 , 64 bit Build 19041 (10.0.19041.2546)
Time: Mon Apr 17 20:19:52 2023  Windows 10 , 64 bit Build 19041 (10.0.19041.2546) elapsed time: 5943.232933 seconds (0d 1h 39m 3s)

---------------  T H R E A D  ---------------

Current thread (0x000002012240f9c0):  JavaThread "AWT-EventQueue-0" [_thread_in_vm, id=13520, stack(0x0000009797500000,0x0000009797600000)]

Stack: [0x0000009797500000,0x0000009797600000]
Native frames: (J=compiled Java code, j=interpreted, Vv=VM code, C=native code)
V  [jvm.dll+0x6ee21a]
V  [jvm.dll+0x85765e]
V  [jvm.dll+0x85904e]
V  [jvm.dll+0x859703]
V  [jvm.dll+0x28298f]
V  [jvm.dll+0x8532db]
V  [jvm.dll+0x692cb6]
V  [jvm.dll+0x692d1a]
V  [jvm.dll+0x695613]
V  [jvm.dll+0x6954de]
V  [jvm.dll+0x6936de]
V  [jvm.dll+0x26e12f]
V  [jvm.dll+0x69dcc5]
V  [jvm.dll+0x21e072]
V  [jvm.dll+0x21e5a5]
V  [jvm.dll+0x21ef01]
V  [jvm.dll+0x2146a1]
V  [jvm.dll+0x5a9cb6]
V  [jvm.dll+0x2257aa]
V  [jvm.dll+0x7cc802]
V  [jvm.dll+0x7cdc4a]
V  [jvm.dll+0x7cdf78]
V  [jvm.dll+0x271e1b]
V  [jvm.dll+0x27203f]
V  [jvm.dll+0x5cb4e8]
V  [jvm.dll+0x5ce447]
V  [jvm.dll+0x3ddda7]
V  [jvm.dll+0x3dd3ff]
C  0x000002011090c197

Java frames: (J=compiled Java code, j=interpreted, Vv=VM code)
j  sun.awt.Win32GraphicsDevice.getDefaultConfiguration()Ljava/awt/GraphicsConfiguration;+94 java.desktop@19.0.2
j  sun.awt.Win32GraphicsDevice.displayChanged()V+20 java.desktop@19.0.2
j  sun.awt.Win32GraphicsEnvironment.displayChanged()V+198 java.desktop@19.0.2
j  sun.awt.windows.WToolkit.lambda$displayChanged$4()V+15 java.desktop@19.0.2
j  sun.awt.windows.WToolkit$$Lambda$614+0x000000080133b370.run()V+0 java.desktop@19.0.2
j  java.awt.event.InvocationEvent.dispatch()V+47 java.desktop@19.0.2
j  java.awt.EventQueue.dispatchEventImpl(Ljava/awt/AWTEvent;Ljava/lang/Object;)V+21 java.desktop@19.0.2
j  java.awt.EventQueue$4.run()Ljava/lang/Void;+32 java.desktop@19.0.2
j  java.awt.EventQueue$4.run()Ljava/lang/Object;+1 java.desktop@19.0.2
J 1612 c1 java.security.AccessController.executePrivileged(Ljava/security/PrivilegedAction;Ljava/security/AccessControlContext;Ljava/lang/Class;)Ljava/lang/Object; java.base@19.0.2 (65 bytes) @ 0x00000201096955bc [0x0000020109695460+0x000000000000015c]
j  java.security.AccessController.doPrivileged(Ljava/security/PrivilegedAction;Ljava/security/AccessControlContext;)Ljava/lang/Object;+13 java.base@19.0.2
j  java.security.ProtectionDomain$JavaSecurityAccessImpl.doIntersectionPrivilege(Ljava/security/PrivilegedAction;Ljava/security/AccessControlContext;Ljava/security/AccessControlContext;)Ljava/lang/Object;+18 java.base@19.0.2
j  java.awt.EventQueue.dispatchEvent(Ljava/awt/AWTEvent;)V+46 java.desktop@19.0.2
j  java.awt.EventDispatchThread.pumpOneEventForFilters(I)V+81 java.desktop@19.0.2
j  java.awt.EventDispatchThread.pumpEventsForFilter(ILjava/awt/Conditional;Ljava/awt/EventFilter;)V+35 java.desktop@19.0.2
j  java.awt.EventDispatchThread.pumpEventsForHierarchy(ILjava/awt/Conditional;Ljava/awt/Component;)V+11 java.desktop@19.0.2
j  java.awt.EventDispatchThread.pumpEvents(ILjava/awt/Conditional;)V+4 java.desktop@19.0.2
j  java.awt.EventDispatchThread.pumpEvents(Ljava/awt/Conditional;)V+3 java.desktop@19.0.2
j  java.awt.EventDispatchThread.run()V+9 java.desktop@19.0.2
v  ~StubRoutines::call_stub 0x00000201108e100e

Compiled method (c1) 5943953 1612       3       java.security.AccessController::executePrivileged (65 bytes)
 total in heap  [0x0000020109695290,0x0000020109695878] = 1512
 relocation     [0x00000201096953f0,0x0000020109695450] = 96
 main code      [0x0000020109695460,0x0000020109695700] = 672
 stub code      [0x0000020109695700,0x0000020109695758] = 88
 metadata       [0x0000020109695758,0x0000020109695768] = 16
 scopes data    [0x0000020109695768,0x00000201096957e0] = 120
 scopes pcs     [0x00000201096957e0,0x0000020109695860] = 128
 dependencies   [0x0000020109695860,0x0000020109695868] = 8
 nul chk table  [0x0000020109695868,0x0000020109695878] = 16

[Constant Pool (empty)]

[MachCode]
[Verified Entry Point]
  # {method} {0x00000008000633c0} 'executePrivileged' '(Ljava/security/PrivilegedAction;Ljava/security/AccessControlContext;Ljava/lang/Class;)Ljava/lang/Object;' in 'java/security/AccessController'
  # parm0:    rdx:rdx   = 'java/security/PrivilegedAction'
  # parm1:    r8:r8     = 'java/security/AccessControlContext'
  # parm2:    r9:r9     = 'java/lang/Class'
  #           [sp+0x50]  (sp of caller)
  0x0000020109695460: 8984 2400 | 90ff ff55 | 4883 ec40 | 4c89 4424 

  0x0000020109695470: ;   {metadata(method data for {method} {0x00000008000633c0} 'executePrivileged' '(Ljava/security/PrivilegedAction;Ljava/security/AccessControlContext;Ljava/lang/Class;)Ljava/lang/Object;' in 'java/security/AccessController')}
  0x0000020109695470: 3048 be98 | eacf 1c01 | 0200 008b | becc 0000 | 0083 c702 | 89be cc00 | 0000 81e7 | fe07 0000 
  0x0000020109695490: 83ff 000f | 84bf 0100 | 0049 83f8 

  0x000002010969549c: ;   {metadata(method data for {method} {0x00000008000633c0} 'executePrivileged' '(Ljava/security/PrivilegedAction;Ljava/security/AccessControlContext;Ljava/lang/Class;)Ljava/lang/Object;' in 'java/security/AccessController')}
  0x000002010969549c: 0048 be98 | eacf 1c01 | 0200 0048 | bf10 0100 | 0000 0000 | 000f 840a | 0000 0048 | bf20 0100 
  0x00000201096954bc: 0000 0000 | 0048 8b1c | 3e48 8d5b | 0148 891c | 3e4c 894c | 2428 4889 | 5424 200f | 841f 0000 
  0x00000201096954dc: ;   {metadata(method data for {method} {0x00000008000633c0} 'executePrivileged' '(Ljava/security/PrivilegedAction;Ljava/security/AccessControlContext;Ljava/lang/Class;)Ljava/lang/Object;' in 'java/security/AccessController')}
  0x00000201096954dc: 0048 be98 | eacf 1c01 | 0200 0048 | 8386 3001 | 0000 0149 | 8bd0 0f1f 

  0x00000201096954f4: ;   {static_call}
  0x00000201096954f4: 4400 00e8 

  0x00000201096954f8: ; ImmutableOopMap {[32]=Oop [40]=Oop [48]=Oop }
                      ;*invokestatic ensureMaterializedForStackWalk {reexecute=0 rethrow=0 return_oop=0}
                      ; - java.security.AccessController::executePrivileged@5 (line 772)
  0x00000201096954f8: 0902 0000 

  0x00000201096954fc: ;   {metadata(method data for {method} {0x00000008000633c0} 'executePrivileged' '(Ljava/security/PrivilegedAction;Ljava/security/AccessControlContext;Ljava/lang/Class;)Ljava/lang/Object;' in 'java/security/AccessController')}
  0x00000201096954fc: 48ba 98ea | cf1c 0102 | 0000 ff82 | 4001 0000 | 488b 5424 | 2048 3b02 

  0x0000020109695514: ;   {metadata(method data for {method} {0x00000008000633c0} 'executePrivileged' '(Ljava/security/PrivilegedAction;Ljava/security/AccessControlContext;Ljava/lang/Class;)Ljava/lang/Object;' in 'java/security/AccessController')}
  0x0000020109695514: 488b f248 | bf98 eacf | 1c01 0200 | 008b 7608 | 49ba 0000 | 0000 0800 | 0000 4903 | f248 3bb7 
  0x0000020109695534: b001 0000 | 750d 4883 | 87b8 0100 | 0001 e966 | 0000 0048 | 3bb7 c001 | 0000 750d | 4883 87c8 
  0x0000020109695554: 0100 0001 | e950 0000 | 0048 81bf | b001 0000 | 0000 0000 | 7517 4889 | b7b0 0100 | 0048 c787 
  0x0000020109695574: b801 0000 | 0100 0000 | e92c 0000 | 0048 81bf | c001 0000 | 0000 0000 | 7517 4889 | b7c0 0100 
  0x0000020109695594: 0048 c787 | c801 0000 | 0100 0000 | e908 0000 | 0048 8387 | a001 0000 | 0148 b870 | d281 2201 
  0x00000201096955b4: ;   {virtual_call}
  0x00000201096955b4: 0200 00e8 

  0x00000201096955b8: ; ImmutableOopMap {[40]=Oop [48]=Oop }
                      ;*invokeinterface run {reexecute=0 rethrow=0 return_oop=0}
                      ; - java.security.AccessController::executePrivileged@29 (line 776)
  0x00000201096955b8: 7416 3607 

  0x00000201096955bc: ;   {metadata(method data for {method} {0x00000008000633c0} 'executePrivileged' '(Ljava/security/PrivilegedAction;Ljava/security/AccessControlContext;Ljava/lang/Class;)Ljava/lang/Object;' in 'java/security/AccessController')}
  0x00000201096955bc: 48be 98ea | cf1c 0102 | 0000 ff86 | d801 0000 | 4c8b 4c24 

  0x00000201096955d0: ;   {metadata(method data for {method} {0x00000008000633c0} 'executePrivileged' '(Ljava/security/PrivilegedAction;Ljava/security/AccessControlContext;Ljava/lang/Class;)Ljava/lang/Object;' in 'java/security/AccessController')}
  0x00000201096955d0: 2848 be98 | eacf 1c01 | 0200 0048 | 8386 3802 

  0x00000201096955e0: ;   {metadata(method data for {method} {0x00000008000462d8} 'reachabilityFence' '(Ljava/lang/Object;)V' in 'java/lang/ref/Reference')}
  0x00000201096955e0: 0000 0148 | beb8 2dc3 | 1c01 0200 | 008b becc | 0000 0083 | c702 89be | cc00 0000 | 81e7 feff 
  0x0000020109695600: 1f00 83ff | 000f 8473 

  0x0000020109695608: ;   {metadata(method data for {method} {0x00000008000633c0} 'executePrivileged' '(Ljava/security/PrivilegedAction;Ljava/security/AccessControlContext;Ljava/lang/Class;)Ljava/lang/Object;' in 'java/security/AccessController')}
  0x0000020109695608: 0000 0048 | be98 eacf | 1c01 0200 | 0048 8386 | 4802 0000 

  0x000002010969561c: ;   {metadata(method data for {method} {0x00000008000462d8} 'reachabilityFence' '(Ljava/lang/Object;)V' in 'java/lang/ref/Reference')}
  0x000002010969561c: 0148 beb8 | 2dc3 1c01 | 0200 008b | becc 0000 | 0083 c702 | 89be cc00 | 0000 81e7 | feff 1f00 
  0x000002010969563c: 83ff 000f | 845a 0000 | 0048 83c4 

  0x0000020109695648: ;   {poll_return}
  0x0000020109695648: 405d 493b | a778 0300 | 000f 8766 | 0000 00c3 

  0x0000020109695658: ;   {metadata({method} {0x00000008000633c0} 'executePrivileged' '(Ljava/security/PrivilegedAction;Ljava/security/AccessControlContext;Ljava/lang/Class;)Ljava/lang/Object;' in 'java/security/AccessController')}
  0x0000020109695658: 49ba b833 | 0600 0800 | 0000 4c89 | 5424 0848 | c704 24ff 

  0x000002010969566c: ;   {runtime_call counter_overflow Runtime1 stub}
  0x000002010969566c: ffff ffe8 

  0x0000020109695670: ; ImmutableOopMap {rdx=Oop r8=Oop r9=Oop [48]=Oop }
                      ;*synchronization entry
                      ; - java.security.AccessController::executePrivileged@-1 (line 771)
  0x0000020109695670: 8cc3 3507 | e920 feff 

  0x0000020109695678: ;   {runtime_call throw_null_pointer_exception Runtime1 stub}
  0x0000020109695678: ffe8 a272 

  0x000002010969567c: ; ImmutableOopMap {rdx=Oop [40]=Oop [48]=Oop }
                      ;*invokeinterface run {reexecute=0 rethrow=0 return_oop=0}
                      ; - java.security.AccessController::executePrivileged@29 (line 776)
                      ;   {metadata({method} {0x00000008000462d8} 'reachabilityFence' '(Ljava/lang/Object;)V' in 'java/lang/ref/Reference')}
  0x000002010969567c: 2c07 49ba | d062 0400 | 0800 0000 | 4c89 5424 | 0848 c704 | 24ff ffff 

  0x0000020109695694: ;   {runtime_call counter_overflow Runtime1 stub}
  0x0000020109695694: ffe8 66c3 

  0x0000020109695698: ; ImmutableOopMap {rax=Oop r9=Oop }
                      ;*synchronization entry
                      ; - java.lang.ref.Reference::reachabilityFence@-1 (line 627)
                      ; - java.security.AccessController::executePrivileged@56 (line 781)
  0x0000020109695698: 3507 e96c 

  0x000002010969569c: ;   {metadata({method} {0x00000008000462d8} 'reachabilityFence' '(Ljava/lang/Object;)V' in 'java/lang/ref/Reference')}
  0x000002010969569c: ffff ff49 | bad0 6204 | 0008 0000 | 004c 8954 | 2408 48c7 | 0424 ffff 

  0x00000201096956b4: ;   {runtime_call counter_overflow Runtime1 stub}
  0x00000201096956b4: ffff e845 

  0x00000201096956b8: ; ImmutableOopMap {rax=Oop }
                      ;*synchronization entry
                      ; - java.lang.ref.Reference::reachabilityFence@-1 (line 627)
                      ; - java.security.AccessController::executePrivileged@60 (line 782)
  0x00000201096956b8: c335 07eb 

  0x00000201096956bc: ;   {internal_word}
  0x00000201096956bc: 8849 ba4a | 5669 0901 | 0200 004d | 8997 9003 

  0x00000201096956cc: ;   {runtime_call SafepointBlob}
  0x00000201096956cc: 0000 e9ad | 222b 0749 | 8b87 2004 | 0000 49c7 | 8720 0400 | 0000 0000 | 0049 c787 | 2804 0000 
  0x00000201096956ec: 0000 0000 | 4883 c440 

  0x00000201096956f4: ;   {runtime_call unwind_exception Runtime1 stub}
  0x00000201096956f4: 5de9 8658 | 2c07 f4f4 | f4f4 f4f4 
[Stub Code]
  0x0000020109695700: ;   {no_reloc}
  0x0000020109695700: 0f1f 4400 

  0x0000020109695704: ;   {static_stub}
  0x0000020109695704: 0048 bb20 | 3b06 0008 

  0x000002010969570c: ;   {runtime_call I2C/C2I adapters}
  0x000002010969570c: 0000 00e9 | 45b7 2a07 

  0x0000020109695714: ;   {static_stub}
  0x0000020109695714: 9048 bb00 | 0000 0000 

  0x000002010969571c: ;   {runtime_call}
  0x000002010969571c: 0000 00e9 | fbff ffff 
[Exception Handler]
  0x0000020109695724: ;   {runtime_call handle_exception_from_callee Runtime1 stub}
  0x0000020109695724: e857 7d2c 

  0x0000020109695728: ;   {external_word}
  0x0000020109695728: 0748 b928 | 496e 36fb | 7f00 0048 

  0x0000020109695734: ;   {runtime_call}
  0x0000020109695734: 83e4 f049 | bab0 f839 | 36fb 7f00 | 0041 ffd2 

  0x0000020109695744: ;   {section_word}
  0x0000020109695744: f449 ba45 | 5769 0901 | 0200 0041 

  0x0000020109695750: ;   {runtime_call DeoptimizationBlob}
  0x0000020109695750: 52e9 4a19 | 2b07 f4f4 
[/MachCode]


---------------  P R O C E S S  ---------------

Threads class SMR info:
_java_thread_list=0x0000020122568700, length=25, elements={
0x0000020101448200, 0x000002011c819b90, 0x000002011c81a880, 0x000002011c81f4d0,
0x000002011c8222c0, 0x000002011c823390, 0x000002011c823cc0, 0x000002011c824920,
0x000002011c887540, 0x000002011c89e270, 0x0000020120c708c0, 0x0000020120c7bca0,
0x00000201223494d0, 0x0000020122349a10, 0x00000201225f31c0, 0x00000201225f3700,
0x0000020122411ef0, 0x0000020122410f00, 0x0000020122411450, 0x0000020122410460,
0x00000201224109b0, 0x000002012240ef20, 0x000002012240e9d0, 0x000002012240f470,
0x000002012240f9c0
}

Java Threads: ( => current thread )
  0x0000020101448200 JavaThread "main" [_thread_blocked, id=6692, stack(0x0000009797600000,0x0000009797700000)]
  0x000002011c819b90 JavaThread "Reference Handler" daemon [_thread_blocked, id=12708, stack(0x0000009797d00000,0x0000009797e00000)]
  0x000002011c81a880 JavaThread "Finalizer" daemon [_thread_blocked, id=13372, stack(0x0000009797e00000,0x0000009797f00000)]
  0x000002011c81f4d0 JavaThread "Signal Dispatcher" daemon [_thread_blocked, id=14312, stack(0x0000009797f00000,0x0000009798000000)]
  0x000002011c8222c0 JavaThread "Attach Listener" daemon [_thread_blocked, id=11828, stack(0x0000009798000000,0x0000009798100000)]
  0x000002011c823390 JavaThread "Service Thread" daemon [_thread_blocked, id=11788, stack(0x0000009798100000,0x0000009798200000)]
  0x000002011c823cc0 JavaThread "Monitor Deflation Thread" daemon [_thread_blocked, id=9580, stack(0x0000009798200000,0x0000009798300000)]
  0x000002011c824920 JavaThread "C2 CompilerThread0" daemon [_thread_blocked, id=13832, stack(0x0000009798300000,0x0000009798400000)]
  0x000002011c887540 JavaThread "C1 CompilerThread0" daemon [_thread_blocked, id=9588, stack(0x0000009798400000,0x0000009798500000)]
  0x000002011c89e270 JavaThread "Sweeper thread" daemon [_thread_blocked, id=9404, stack(0x0000009798500000,0x0000009798600000)]
  0x0000020120c708c0 JavaThread "Notification Thread" daemon [_thread_blocked, id=10332, stack(0x0000009798600000,0x0000009798700000)]
  0x0000020120c7bca0 JavaThread "Common-Cleaner" daemon [_thread_blocked, id=10952, stack(0x0000009798800000,0x0000009798900000)]
  0x00000201223494d0 JavaThread "qtp1515116175-32" [_thread_blocked, id=14148, stack(0x0000009798a00000,0x0000009798b00000)]
  0x0000020122349a10 JavaThread "qtp1515116175-33-acceptor-0@6018df60-ServerConnector@3bd55d8{HTTP/1.1,[http/1.1]}{0.0.0.0:57067}" [_thread_in_native, id=8396, stack(0x0000009798b00000,0x0000009798c00000)]
  0x00000201225f31c0 JavaThread "qtp1515116175-34" [_thread_blocked, id=13772, stack(0x0000009798c00000,0x0000009798d00000)]
  0x00000201225f3700 JavaThread "qtp1515116175-35" [_thread_blocked, id=13324, stack(0x0000009798d00000,0x0000009798e00000)]
  0x0000020122411ef0 JavaThread "qtp1515116175-36" [_thread_blocked, id=4452, stack(0x0000009798e00000,0x0000009798f00000)]
  0x0000020122410f00 JavaThread "qtp1515116175-37" [_thread_blocked, id=11284, stack(0x0000009798f00000,0x0000009799000000)]
  0x0000020122411450 JavaThread "qtp1515116175-38" [_thread_blocked, id=13944, stack(0x0000009799000000,0x0000009799100000)]
  0x0000020122410460 JavaThread "qtp1515116175-39" [_thread_in_native, id=13984, stack(0x0000009799100000,0x0000009799200000)]
  0x00000201224109b0 JavaThread "Java2D Disposer" daemon [_thread_blocked, id=11932, stack(0x0000009799200000,0x0000009799300000)]
  0x000002012240ef20 JavaThread "AWT-Windows" daemon [_thread_in_native, id=4132, stack(0x0000009799400000,0x0000009799500000)]
  0x000002012240e9d0 JavaThread "Connector-Scheduler-3bd55d8" [_thread_blocked, id=2872, stack(0x0000009799500000,0x0000009799600000)]
  0x000002012240f470 JavaThread "AWT-Shutdown" [_thread_blocked, id=14292, stack(0x0000009797400000,0x0000009797500000)]
=>0x000002012240f9c0 JavaThread "AWT-EventQueue-0" [_thread_in_vm, id=13520, stack(0x0000009797500000,0x0000009797600000)]

Other Threads:
  0x0000020101502f00 VMThread "VM Thread" [stack: 0x0000009797c00000,0x0000009797d00000] [id=12184]
  0x0000020120c7b840 WatcherThread "VM Periodic Task Thread" [stack: 0x0000009798700000,0x0000009798800000] [id=10992]
  0x000002010148a2a0 WorkerThread "GC Thread#0" [stack: 0x0000009797700000,0x0000009797800000] [id=12436]
  0x00000201210d5e80 WorkerThread "GC Thread#1" [stack: 0x0000009798900000,0x0000009798a00000] [id=14136]
  0x0000020101492e80 ConcurrentGCThread "G1 Main Marker" [stack: 0x0000009797800000,0x0000009797900000] [id=11964]
  0x0000020101493a50 WorkerThread "G1 Conc#0" [stack: 0x0000009797900000,0x0000009797a00000] [id=8512]
  0x00000201014df390 ConcurrentGCThread "G1 Refine#0" [stack: 0x0000009797a00000,0x0000009797b00000] [id=13352]
  0x00000201014dfed0 ConcurrentGCThread "G1 Service" [stack: 0x0000009797b00000,0x0000009797c00000] [id=10340]

Threads with active compile tasks:

VM state: not at safepoint (normal execution)

VM Mutex/Monitor currently owned by a thread:  ([mutex/lock_event])
[0x0000020101442160] Metaspace_lock - owner thread: 0x000002012240f9c0

Heap address: 0x00000000c1c00000, size: 996 MB, Compressed Oops mode: 32-bit

CDS archive(s) mapped at: [0x0000000800000000-0x0000000800c40000-0x0000000800c40000), size 12845056, SharedBaseAddress: 0x0000000800000000, ArchiveRelocationMode: 0.
Compressed class space mapped at: 0x0000000801000000-0x0000000841000000, reserved size: 1073741824
Narrow klass base: 0x0000000800000000, Narrow klass shift: 0, Narrow klass range: 0x100000000

GC Precious Log:
 CardTable entry size: 512
 Card Set container configuration: InlinePtr #cards 5 size 8 Array Of Cards #cards 12 size 40 Howl #buckets 4 coarsen threshold 1843 Howl Bitmap #cards 512 size 80 coarsen threshold 460 Card regions per heap region 1 cards per card region 2048
 CPUs: 2 total, 2 available
 Memory: 3977M
 Large Page Support: Disabled
 NUMA Support: Disabled
 Compressed Oops: Enabled (32-bit)
 Heap Region Size: 1M
 Heap Min Capacity: 8M
 Heap Initial Capacity: 64M
 Heap Max Capacity: 996M
 Pre-touch: Disabled
 Parallel Workers: 2
 Concurrent Workers: 1
 Concurrent Refinement Workers: 2
 Periodic GC: Disabled

Heap:
 garbage-first heap   total 40960K, used 14416K [0x00000000c1c00000, 0x0000000100000000)
  region size 1024K, 4 young (4096K), 1 survivors (1024K)
 Metaspace       used 31616K, committed 31936K, reserved 1114112K
  class space    used 3555K, committed 3712K, reserved 1048576K

Heap Regions: E=young(eden), S=young(survivor), O=old, HS=humongous(starts), HC=humongous(continues), CS=collection set, F=free, OA=open archive, CA=closed archive, TAMS=top-at-mark-start (previous, next)
|   0|0x00000000c1c00000, 0x00000000c1d00000, 0x00000000c1d00000|100%| O|  |TAMS 0x00000000c1d00000, 0x00000000c1c00000| Untracked 
|   1|0x00000000c1d00000, 0x00000000c1e00000, 0x00000000c1e00000|100%| O|  |TAMS 0x00000000c1e00000, 0x00000000c1d00000| Untracked 
|   2|0x00000000c1e00000, 0x00000000c1f00000, 0x00000000c1f00000|100%| O|  |TAMS 0x00000000c1f00000, 0x00000000c1e00000| Untracked 
|   3|0x00000000c1f00000, 0x00000000c2000000, 0x00000000c2000000|100%| O|  |TAMS 0x00000000c1f37c00, 0x00000000c1f00000| Untracked 
|   4|0x00000000c2000000, 0x00000000c2100000, 0x00000000c2100000|100%| O|  |TAMS 0x00000000c2000000, 0x00000000c2000000| Untracked 
|   5|0x00000000c2100000, 0x00000000c2200000, 0x00000000c2200000|100%| O|  |TAMS 0x00000000c2100000, 0x00000000c2100000| Untracked 
|   6|0x00000000c2200000, 0x00000000c2300000, 0x00000000c2300000|100%| O|  |TAMS 0x00000000c2200000, 0x00000000c2200000| Untracked 
|   7|0x00000000c2300000, 0x00000000c2300000, 0x00000000c2400000|  0%| F|  |TAMS 0x00000000c2300000, 0x00000000c2300000| Untracked 
|   8|0x00000000c2400000, 0x00000000c2500000, 0x00000000c2500000|100%| O|  |TAMS 0x00000000c2400000, 0x00000000c2400000| Untracked 
|   9|0x00000000c2500000, 0x00000000c2600000, 0x00000000c2600000|100%| O|  |TAMS 0x00000000c2500000, 0x00000000c2500000| Untracked 
|  10|0x00000000c2600000, 0x00000000c2700000, 0x00000000c2700000|100%| O|  |TAMS 0x00000000c2600000, 0x00000000c2600000| Untracked 
|  11|0x00000000c2700000, 0x00000000c2800000, 0x00000000c2800000|100%| O|  |TAMS 0x00000000c2700000, 0x00000000c2700000| Untracked 
|  12|0x00000000c2800000, 0x00000000c2900000, 0x00000000c2900000|100%| O|  |TAMS 0x00000000c2800000, 0x00000000c2800000| Untracked 
|  13|0x00000000c2900000, 0x00000000c2900000, 0x00000000c2a00000|  0%| F|  |TAMS 0x00000000c2900000, 0x00000000c2900000| Untracked 
|  14|0x00000000c2a00000, 0x00000000c2a00000, 0x00000000c2b00000|  0%| F|  |TAMS 0x00000000c2a00000, 0x00000000c2a00000| Untracked 
|  15|0x00000000c2b00000, 0x00000000c2b00000, 0x00000000c2c00000|  0%| F|  |TAMS 0x00000000c2b00000, 0x00000000c2b00000| Untracked 
|  16|0x00000000c2c00000, 0x00000000c2c96600, 0x00000000c2d00000| 58%| O|  |TAMS 0x00000000c2c00000, 0x00000000c2c00000| Untracked 
|  17|0x00000000c2d00000, 0x00000000c2d00000, 0x00000000c2e00000|  0%| F|  |TAMS 0x00000000c2d00000, 0x00000000c2d00000| Untracked 
|  18|0x00000000c2e00000, 0x00000000c2e00000, 0x00000000c2f00000|  0%| F|  |TAMS 0x00000000c2e00000, 0x00000000c2e00000| Untracked 
|  19|0x00000000c2f00000, 0x00000000c2f00000, 0x00000000c3000000|  0%| F|  |TAMS 0x00000000c2f00000, 0x00000000c2f00000| Untracked 
|  20|0x00000000c3000000, 0x00000000c3000000, 0x00000000c3100000|  0%| F|  |TAMS 0x00000000c3000000, 0x00000000c3000000| Untracked 
|  21|0x00000000c3100000, 0x00000000c3100000, 0x00000000c3200000|  0%| F|  |TAMS 0x00000000c3100000, 0x00000000c3100000| Untracked 
|  22|0x00000000c3200000, 0x00000000c3200000, 0x00000000c3300000|  0%| F|  |TAMS 0x00000000c3200000, 0x00000000c3200000| Untracked 
|  23|0x00000000c3300000, 0x00000000c3300000, 0x00000000c3400000|  0%| F|  |TAMS 0x00000000c3300000, 0x00000000c3300000| Untracked 
|  24|0x00000000c3400000, 0x00000000c3400000, 0x00000000c3500000|  0%| F|  |TAMS 0x00000000c3400000, 0x00000000c3400000| Untracked 
|  25|0x00000000c3500000, 0x00000000c3500000, 0x00000000c3600000|  0%| F|  |TAMS 0x00000000c3500000, 0x00000000c3500000| Untracked 
|  26|0x00000000c3600000, 0x00000000c3600000, 0x00000000c3700000|  0%| F|  |TAMS 0x00000000c3600000, 0x00000000c3600000| Untracked 
|  27|0x00000000c3700000, 0x00000000c3700000, 0x00000000c3800000|  0%| F|  |TAMS 0x00000000c3700000, 0x00000000c3700000| Untracked 
|  28|0x00000000c3800000, 0x00000000c3800000, 0x00000000c3900000|  0%| F|  |TAMS 0x00000000c3800000, 0x00000000c3800000| Untracked 
|  29|0x00000000c3900000, 0x00000000c3900000, 0x00000000c3a00000|  0%| F|  |TAMS 0x00000000c3900000, 0x00000000c3900000| Untracked 
|  30|0x00000000c3a00000, 0x00000000c3a00000, 0x00000000c3b00000|  0%| F|  |TAMS 0x00000000c3a00000, 0x00000000c3a00000| Untracked 
|  31|0x00000000c3b00000, 0x00000000c3b00000, 0x00000000c3c00000|  0%| F|  |TAMS 0x00000000c3b00000, 0x00000000c3b00000| Untracked 
|  32|0x00000000c3c00000, 0x00000000c3c00000, 0x00000000c3d00000|  0%| F|  |TAMS 0x00000000c3c00000, 0x00000000c3c00000| Untracked 
|  33|0x00000000c3d00000, 0x00000000c3d00000, 0x00000000c3e00000|  0%| F|  |TAMS 0x00000000c3d00000, 0x00000000c3d00000| Untracked 
|  34|0x00000000c3e00000, 0x00000000c3e00000, 0x00000000c3f00000|  0%| F|  |TAMS 0x00000000c3e00000, 0x00000000c3e00000| Untracked 
|  35|0x00000000c3f00000, 0x00000000c3f00000, 0x00000000c4000000|  0%| F|  |TAMS 0x00000000c3f00000, 0x00000000c3f00000| Untracked 
|  36|0x00000000c4000000, 0x00000000c40a3740, 0x00000000c4100000| 63%| E|  |TAMS 0x00000000c4000000, 0x00000000c4000000| Complete 
|  37|0x00000000c4100000, 0x00000000c4200000, 0x00000000c4200000|100%| E|CS|TAMS 0x00000000c4100000, 0x00000000c4100000| Complete 
|  38|0x00000000c4200000, 0x00000000c427dba0, 0x00000000c4300000| 49%| S|CS|TAMS 0x00000000c4200000, 0x00000000c4200000| Complete 
|  39|0x00000000c4300000, 0x00000000c43fffd8, 0x00000000c4400000| 99%| E|  |TAMS 0x00000000c4300000, 0x00000000c4300000| Complete 

Card table byte_map: [0x000002017fdb0000,0x000002017ffb0000] _byte_map_base: 0x000002017f7a2000

Marking Bits (Prev, Next): (CMBitMap*) 0x000002010148a910, (CMBitMap*) 0x000002010148a8d0
 Prev Bits: [0x0000020119540000, 0x000002011a4d0000)
 Next Bits: [0x00000201185b0000, 0x0000020119540000)

Polling page: 0x000002017f3b0000

Metaspace:

Usage:
  Non-class:     27.40 MB used.
      Class:      3.47 MB used.
       Both:     30.88 MB used.

Virtual space:
  Non-class space:       64.00 MB reserved,      27.56 MB ( 43%) committed,  1 nodes.
      Class space:        1.00 GB reserved,       3.62 MB ( <1%) committed,  1 nodes.
             Both:        1.06 GB reserved,      31.19 MB (  3%) committed. 

Chunk freelists:
   Non-Class:  272.00 KB
       Class:  195.00 KB
        Both:  467.00 KB

MaxMetaspaceSize: unlimited
CompressedClassSpaceSize: 1.00 GB
Initial GC threshold: 21.00 MB
Current GC threshold: 35.12 MB
CDS: on
MetaspaceReclaimPolicy: balanced
 - commit_granule_bytes: 65536.
 - commit_granule_words: 8192.
 - virtual_space_node_default_size: 8388608.
 - enlarge_chunks_in_place: 1.
 - new_chunks_are_fully_committed: 0.
 - uncommit_free_chunks: 1.
 - use_allocation_guard: 0.


Internal statistics:

num_allocs_failed_limit: 3.
num_arena_births: 268.
num_arena_deaths: 0.
num_vsnodes_births: 2.
num_vsnodes_deaths: 0.
num_space_committed: 499.
num_space_uncommitted: 0.
num_chunks_returned_to_freelist: 3.
num_chunks_taken_from_freelist: 1062.
num_chunk_merges: 0.
num_chunk_splits: 745.
num_chunks_enlarged: 609.
num_inconsistent_stats: 0.

CodeHeap 'non-profiled nmethods': size=120064Kb used=1392Kb max_used=1392Kb free=118671Kb
 bounds [0x0000020110e70000, 0x00000201110e0000, 0x00000201183b0000]
CodeHeap 'profiled nmethods': size=120000Kb used=7333Kb max_used=7333Kb free=112666Kb
 bounds [0x00000201093b0000, 0x0000020109ae0000, 0x00000201108e0000]
CodeHeap 'non-nmethods': size=5696Kb used=1412Kb max_used=1425Kb free=4283Kb
 bounds [0x00000201108e0000, 0x0000020110b50000, 0x0000020110e70000]
 total_blobs=4209 nmethods=3557 adapters=563
 compilation: enabled
              stopped_count=0, restarted_count=0
 full_count=0

Compilation events (20 events):
Event: 2183.006 Thread 0x000002011c887540 3548       3       java.util.concurrent.locks.ReentrantLock::lockInterruptibly (8 bytes)
Event: 2183.007 Thread 0x000002011c887540 nmethod 3548 0x0000020109ad3410 code [0x0000020109ad3600, 0x0000020109ad3b98]
Event: 2218.624 Thread 0x000002011c887540 3549       3       java.util.concurrent.locks.AbstractQueuedSynchronizer$ConditionObject::awaitNanos (200 bytes)
Event: 2218.634 Thread 0x000002011c887540 nmethod 3549 0x0000020109ad3d90 code [0x0000020109ad4060, 0x0000020109ad4ff8]
Event: 2278.637 Thread 0x000002011c887540 3550   !   3       org.eclipse.jetty.util.BlockingArrayQueue::poll (118 bytes)
Event: 2278.644 Thread 0x000002011c887540 nmethod 3550 0x0000020109ad5590 code [0x0000020109ad5800, 0x0000020109ad6288]
Event: 2395.865 Thread 0x000002011c887540 3551       3       org.eclipse.jetty.util.thread.QueuedThreadPool$Runner::idleJobPoll (42 bytes)
Event: 2395.878 Thread 0x000002011c887540 nmethod 3551 0x0000020109ad6890 code [0x0000020109ad6a80, 0x0000020109ad6ff8]
Event: 2397.045 Thread 0x000002011c887540 3552   !   3       org.eclipse.jetty.util.BlockingArrayQueue::poll (177 bytes)
Event: 2397.050 Thread 0x000002011c887540 nmethod 3552 0x0000020109ad7190 code [0x0000020109ad74a0, 0x0000020109ad8468]
Event: 2647.214 Thread 0x000002011c887540 3553       3       jdk.internal.misc.Unsafe::putIntOpaque (9 bytes)
Event: 2647.222 Thread 0x000002011c887540 nmethod 3553 0x0000020109ad8e90 code [0x0000020109ad9020, 0x0000020109ad9138]
Event: 2663.457 Thread 0x000002011c887540 3554       3       org.eclipse.jetty.util.thread.QueuedThreadPool::getThreads (14 bytes)
Event: 2663.473 Thread 0x000002011c887540 nmethod 3554 0x0000020109ad9210 code [0x0000020109ad93c0, 0x0000020109ad9678]
Event: 4696.036 Thread 0x000002011c824920 3555       4       jdk.internal.misc.Unsafe::putReferenceOpaque (9 bytes)
Event: 4696.063 Thread 0x000002011c824920 nmethod 3555 0x0000020110fcb910 code [0x0000020110fcba80, 0x0000020110fcbbb8]
Event: 5176.214 Thread 0x000002011c824920 3556       4       jdk.internal.misc.Unsafe::weakCompareAndSetInt (11 bytes)
Event: 5176.222 Thread 0x000002011c824920 nmethod 3556 0x0000020110fcbc10 code [0x0000020110fcbd80, 0x0000020110fcbe18]
Event: 5913.178 Thread 0x000002011c824920 3557       4       jdk.internal.loader.ClassLoaders::appClassLoader (4 bytes)
Event: 5913.189 Thread 0x000002011c824920 nmethod 3557 0x0000020110fcbf10 code [0x0000020110fcc080, 0x0000020110fcc0d8]

GC Heap History (14 events):
Event: 1.533 GC heap before
{Heap before GC invocations=0 (full 0):
 garbage-first heap   total 65536K, used 6144K [0x00000000c1c00000, 0x0000000100000000)
  region size 1024K, 6 young (6144K), 0 survivors (0K)
 Metaspace       used 2111K, committed 2240K, reserved 1114112K
  class space    used 216K, committed 256K, reserved 1048576K
}
Event: 1.546 GC heap after
{Heap after GC invocations=1 (full 0):
 garbage-first heap   total 65536K, used 2402K [0x00000000c1c00000, 0x0000000100000000)
  region size 1024K, 1 young (1024K), 1 survivors (1024K)
 Metaspace       used 2111K, committed 2240K, reserved 1114112K
  class space    used 216K, committed 256K, reserved 1048576K
}
Event: 1.947 GC heap before
{Heap before GC invocations=1 (full 0):
 garbage-first heap   total 65536K, used 5474K [0x00000000c1c00000, 0x0000000100000000)
  region size 1024K, 5 young (5120K), 1 survivors (1024K)
 Metaspace       used 3942K, committed 4096K, reserved 1114112K
  class space    used 381K, committed 448K, reserved 1048576K
}
Event: 1.951 GC heap after
{Heap after GC invocations=2 (full 0):
 garbage-first heap   total 65536K, used 2908K [0x00000000c1c00000, 0x0000000100000000)
  region size 1024K, 1 young (1024K), 1 survivors (1024K)
 Metaspace       used 3942K, committed 4096K, reserved 1114112K
  class space    used 381K, committed 448K, reserved 1048576K
}
Event: 2.515 GC heap before
{Heap before GC invocations=2 (full 0):
 garbage-first heap   total 65536K, used 12124K [0x00000000c1c00000, 0x0000000100000000)
  region size 1024K, 11 young (11264K), 1 survivors (1024K)
 Metaspace       used 7141K, committed 7296K, reserved 1114112K
  class space    used 736K, committed 768K, reserved 1048576K
}
Event: 2.520 GC heap after
{Heap after GC invocations=3 (full 0):
 garbage-first heap   total 65536K, used 4147K [0x00000000c1c00000, 0x0000000100000000)
  region size 1024K, 2 young (2048K), 2 survivors (2048K)
 Metaspace       used 7141K, committed 7296K, reserved 1114112K
  class space    used 736K, committed 768K, reserved 1048576K
}
Event: 5.578 GC heap before
{Heap before GC invocations=3 (full 0):
 garbage-first heap   total 65536K, used 26675K [0x00000000c1c00000, 0x0000000100000000)
  region size 1024K, 25 young (25600K), 2 survivors (2048K)
 Metaspace       used 14332K, committed 14656K, reserved 1114112K
  class space    used 1521K, committed 1664K, reserved 1048576K
}
Event: 5.596 GC heap after
{Heap after GC invocations=4 (full 0):
 garbage-first heap   total 65536K, used 7391K [0x00000000c1c00000, 0x0000000100000000)
  region size 1024K, 4 young (4096K), 4 survivors (4096K)
 Metaspace       used 14332K, committed 14656K, reserved 1114112K
  class space    used 1521K, committed 1664K, reserved 1048576K
}
Event: 9.031 GC heap before
{Heap before GC invocations=4 (full 0):
 garbage-first heap   total 65536K, used 29919K [0x00000000c1c00000, 0x0000000100000000)
  region size 1024K, 28 young (28672K), 4 survivors (4096K)
 Metaspace       used 21164K, committed 21504K, reserved 1114112K
  class space    used 2338K, committed 2496K, reserved 1048576K
}
Event: 9.071 GC heap after
{Heap after GC invocations=5 (full 0):
 garbage-first heap   total 65536K, used 10766K [0x00000000c1c00000, 0x0000000100000000)
  region size 1024K, 4 young (4096K), 4 survivors (4096K)
 Metaspace       used 21164K, committed 21504K, reserved 1114112K
  class space    used 2338K, committed 2496K, reserved 1048576K
}
Event: 13.600 GC heap before
{Heap before GC invocations=6 (full 0):
 garbage-first heap   total 40960K, used 30222K [0x00000000c1c00000, 0x0000000100000000)
  region size 1024K, 24 young (24576K), 4 survivors (4096K)
 Metaspace       used 30881K, committed 31168K, reserved 1114112K
  class space    used 3462K, committed 3584K, reserved 1048576K
}
Event: 13.647 GC heap after
{Heap after GC invocations=7 (full 0):
 garbage-first heap   total 40960K, used 12793K [0x00000000c1c00000, 0x0000000100000000)
  region size 1024K, 3 young (3072K), 3 survivors (3072K)
 Metaspace       used 30881K, committed 31168K, reserved 1114112K
  class space    used 3462K, committed 3584K, reserved 1048576K
}
Event: 15.040 GC heap before
{Heap before GC invocations=7 (full 0):
 garbage-first heap   total 40960K, used 13817K [0x00000000c1c00000, 0x0000000100000000)
  region size 1024K, 4 young (4096K), 3 survivors (3072K)
 Metaspace       used 31095K, committed 31424K, reserved 1114112K
  class space    used 3488K, committed 3648K, reserved 1048576K
}
Event: 15.057 GC heap after
{Heap after GC invocations=8 (full 0):
 garbage-first heap   total 40960K, used 13392K [0x00000000c1c00000, 0x0000000100000000)
  region size 1024K, 1 young (1024K), 1 survivors (1024K)
 Metaspace       used 31095K, committed 31424K, reserved 1114112K
  class space    used 3488K, committed 3648K, reserved 1048576K
}

Dll operation events (12 events):
Event: 0.021 Loaded shared library D:\Java\jdk-19\bin\java.dll
Event: 0.038 Loaded shared library D:\Java\jdk-19\bin\jsvml.dll
Event: 0.266 Loaded shared library D:\Java\jdk-19\bin\net.dll
Event: 0.270 Loaded shared library D:\Java\jdk-19\bin\nio.dll
Event: 0.281 Loaded shared library D:\Java\jdk-19\bin\zip.dll
Event: 0.542 Loaded shared library D:\Java\jdk-19\bin\verify.dll
Event: 0.575 Loaded shared library D:\Java\jdk-19\bin\jimage.dll
Event: 8.775 Loaded shared library D:\Java\jdk-19\bin\sunmscapi.dll
Event: 9.928 Loaded shared library D:\Java\jdk-19\bin\extnet.dll
Event: 11.902 Loaded shared library D:\Java\jdk-19\bin\management.dll
Event: 11.924 Loaded shared library D:\Java\jdk-19\bin\management_ext.dll
Event: 12.316 Loaded shared library D:\Java\jdk-19\bin\awt.dll

Deoptimization events (20 events):
Event: 11.300 Thread 0x0000020121ebb1f0 Uncommon trap: trap_request=0xffffffe4 fr.pc=0x0000020110f8f880 relative=0x0000000000000440
Event: 11.300 Thread 0x0000020121ebb1f0 Uncommon trap: reason=range_check action=make_not_entrant pc=0x0000020110f8f880 method=sun.security.util.DerValue.<init>([BIIZZ)V @ 83 c2
Event: 11.300 Thread 0x0000020121ebb1f0 DEOPT PACKING pc=0x0000020110f8f880 sp=0x0000009798afdcd0
Event: 11.300 Thread 0x0000020121ebb1f0 DEOPT UNPACKING pc=0x0000020110946da3 sp=0x0000009798afdc60 mode 2
Event: 11.892 Thread 0x0000020101448200 Uncommon trap: trap_request=0xffffff45 fr.pc=0x0000020110f374fc relative=0x000000000000005c
Event: 11.892 Thread 0x0000020101448200 Uncommon trap: reason=unstable_if action=reinterpret pc=0x0000020110f374fc method=java.util.Objects.equals(Ljava/lang/Object;Ljava/lang/Object;)Z @ 6 c2
Event: 11.892 Thread 0x0000020101448200 DEOPT PACKING pc=0x0000020110f374fc sp=0x00000097976fd400
Event: 11.892 Thread 0x0000020101448200 DEOPT UNPACKING pc=0x0000020110946da3 sp=0x00000097976fd3a0 mode 2
Event: 12.327 Thread 0x0000020101448200 Uncommon trap: trap_request=0xffffff45 fr.pc=0x0000020110e9dbf8 relative=0x0000000000000438
Event: 12.327 Thread 0x0000020101448200 Uncommon trap: reason=unstable_if action=reinterpret pc=0x0000020110e9dbf8 method=java.lang.AbstractStringBuilder.inflateIfNeededFor(Ljava/lang/String;)V @ 14 c2
Event: 12.327 Thread 0x0000020101448200 DEOPT PACKING pc=0x0000020110e9dbf8 sp=0x00000097976fd640
Event: 12.327 Thread 0x0000020101448200 DEOPT UNPACKING pc=0x0000020110946da3 sp=0x00000097976fd4d0 mode 2
Event: 12.327 Thread 0x0000020101448200 Uncommon trap: trap_request=0xffffff45 fr.pc=0x0000020110e9d16c relative=0x000000000000042c
Event: 12.327 Thread 0x0000020101448200 Uncommon trap: reason=unstable_if action=reinterpret pc=0x0000020110e9d16c method=java.lang.AbstractStringBuilder.inflateIfNeededFor(Ljava/lang/String;)V @ 14 c2
Event: 12.327 Thread 0x0000020101448200 DEOPT PACKING pc=0x0000020110e9d16c sp=0x00000097976fd5d0
Event: 12.327 Thread 0x0000020101448200 DEOPT UNPACKING pc=0x0000020110946da3 sp=0x00000097976fd4c8 mode 2
Event: 12.327 Thread 0x0000020101448200 Uncommon trap: trap_request=0xffffff45 fr.pc=0x0000020110e960ec relative=0x00000000000000cc
Event: 12.327 Thread 0x0000020101448200 Uncommon trap: reason=unstable_if action=reinterpret pc=0x0000020110e960ec method=java.lang.String.getBytes([BIB)V @ 5 c2
Event: 12.327 Thread 0x0000020101448200 DEOPT PACKING pc=0x0000020110e960ec sp=0x00000097976fd4e0
Event: 12.327 Thread 0x0000020101448200 DEOPT UNPACKING pc=0x0000020110946da3 sp=0x00000097976fd4a8 mode 2

Classes loaded (20 events):
Event: 5933.154 Loading class sun/java2d/d3d/D3DGraphicsDevice done
Event: 5938.387 Loading class sun/java2d/d3d/D3DRenderQueue
Event: 5938.389 Loading class sun/java2d/pipe/RenderQueue
Event: 5938.396 Loading class sun/java2d/pipe/RenderQueue done
Event: 5938.396 Loading class sun/java2d/d3d/D3DRenderQueue done
Event: 5938.397 Loading class sun/java2d/pipe/RenderBuffer
Event: 5938.406 Loading class sun/java2d/pipe/RenderBuffer done
Event: 5938.438 Loading class sun/java2d/d3d/D3DRenderQueue$1
Event: 5938.438 Loading class sun/java2d/d3d/D3DRenderQueue$1 done
Event: 5938.440 Loading class sun/java2d/d3d/D3DGraphicsDevice$1Result
Event: 5938.442 Loading class sun/java2d/d3d/D3DGraphicsDevice$1Result done
Event: 5938.442 Loading class sun/java2d/d3d/D3DGraphicsDevice$1
Event: 5938.442 Loading class sun/java2d/d3d/D3DGraphicsDevice$1 done
Event: 5942.773 Loading class sun/java2d/d3d/D3DContext$D3DContextCaps
Event: 5942.775 Loading class sun/java2d/pipe/hw/ContextCapabilities
Event: 5942.780 Loading class sun/java2d/pipe/hw/ContextCapabilities done
Event: 5942.780 Loading class sun/java2d/d3d/D3DContext$D3DContextCaps done
Event: 5943.211 Loading class sun/awt/Win32GraphicsConfig
Event: 5943.217 Loading class sun/awt/image/SurfaceManager$ProxiedGraphicsConfig
Event: 5943.217 Loading class sun/awt/image/SurfaceManager$ProxiedGraphicsConfig done

Classes unloaded (0 events):
No events

Classes redefined (0 events):
No events

Internal exceptions (20 events):
Event: 8.485 Thread 0x0000020101448200 Exception <a 'sun/nio/fs/WindowsException'{0x00000000c4811910}> (0x00000000c4811910) 
thrown [s\open\src\hotspot\share\prims\jni.cpp, line 517]
Event: 8.493 Thread 0x0000020101448200 Exception <a 'sun/nio/fs/WindowsException'{0x00000000c4820540}> (0x00000000c4820540) 
thrown [s\open\src\hotspot\share\prims\jni.cpp, line 517]
Event: 8.899 Thread 0x0000020121ebb1f0 Exception <a 'sun/nio/fs/WindowsException'{0x00000000c45c3650}> (0x00000000c45c3650) 
thrown [s\open\src\hotspot\share\prims\jni.cpp, line 517]
Event: 8.967 Thread 0x0000020121ebb1f0 Exception <a 'java/lang/NoSuchMethodError'{0x00000000c45e4930}: 'java.lang.Object java.lang.invoke.DirectMethodHandle$Holder.invokeStaticInit(java.lang.Object)'> (0x00000000c45e4930) 
thrown [s\open\src\hotspot\share\interpreter\linkResolver.cpp, line 774]
Event: 11.193 Thread 0x0000020121ebb1f0 Exception <a 'java/lang/NoSuchMethodError'{0x00000000c3609ba0}: 'void java.lang.invoke.DirectMethodHandle$Holder.invokeVirtual(java.lang.Object, java.lang.Object)'> (0x00000000c3609ba0) 
thrown [s\open\src\hotspot\share\interpreter\linkResolver.cpp, line 774]
Event: 11.678 Thread 0x0000020101448200 Exception <a 'sun/nio/fs/WindowsException'{0x00000000c3578e08}> (0x00000000c3578e08) 
thrown [s\open\src\hotspot\share\prims\jni.cpp, line 517]
Event: 11.699 Thread 0x0000020101448200 Exception <a 'sun/nio/fs/WindowsException'{0x00000000c35878d8}> (0x00000000c35878d8) 
thrown [s\open\src\hotspot\share\prims\jni.cpp, line 517]
Event: 11.720 Thread 0x0000020101448200 Exception <a 'java/lang/ClassNotFoundException'{0x00000000c34e9380}: io/qameta/allure/csv/CsvExportBehaviorBeanInfo> (0x00000000c34e9380) 
thrown [s\open\src\hotspot\share\classfile\systemDictionary.cpp, line 255]
Event: 11.720 Thread 0x0000020101448200 Exception <a 'java/lang/ClassNotFoundException'{0x00000000c34eaec0}: io/qameta/allure/csv/CsvExportBehaviorCustomizer> (0x00000000c34eaec0) 
thrown [s\open\src\hotspot\share\classfile\systemDictionary.cpp, line 255]
Event: 11.749 Thread 0x0000020101448200 Exception <a 'sun/nio/fs/WindowsException'{0x00000000c330bc80}> (0x00000000c330bc80) 
thrown [s\open\src\hotspot\share\prims\jni.cpp, line 517]
Event: 11.770 Thread 0x0000020101448200 Exception <a 'sun/nio/fs/WindowsException'{0x00000000c3320a68}> (0x00000000c3320a68) 
thrown [s\open\src\hotspot\share\prims\jni.cpp, line 517]
Event: 11.983 Thread 0x0000020101448200 Exception <a 'java/lang/NoSuchMethodError'{0x00000000c327e508}: 'void java.lang.invoke.DirectMethodHandle$Holder.invokeStaticInit(java.lang.Object)'> (0x00000000c327e508) 
thrown [s\open\src\hotspot\share\interpreter\linkResolver.cpp, line 774]
Event: 12.069 Thread 0x0000020101448200 Exception <a 'java/lang/NoSuchMethodError'{0x00000000c31eedc0}: 'int java.lang.invoke.DirectMethodHandle$Holder.invokeSpecial(java.lang.Object, java.lang.Object, int)'> (0x00000000c31eedc0) 
thrown [s\open\src\hotspot\share\interpreter\linkResolver.cpp, line 774]
Event: 12.104 Thread 0x0000020101448200 Exception <a 'java/lang/ClassNotFoundException'{0x00000000c30870b0}: sun/net/www/protocol/c/Handler> (0x00000000c30870b0) 
thrown [s\open\src\hotspot\share\classfile\systemDictionary.cpp, line 255]
Event: 12.111 Thread 0x0000020101448200 Exception <a 'sun/nio/fs/WindowsException'{0x00000000c309b5a0}> (0x00000000c309b5a0) 
thrown [s\open\src\hotspot\share\prims\jni.cpp, line 517]
Event: 12.278 Thread 0x0000020101448200 Exception <a 'java/lang/NoSuchMethodError'{0x00000000c2ed5fe0}: 'void java.lang.invoke.DirectMethodHandle$Holder.invokeInterface(java.lang.Object, java.lang.Object)'> (0x00000000c2ed5fe0) 
thrown [s\open\src\hotspot\share\interpreter\linkResolver.cpp, line 774]
Event: 12.293 Thread 0x0000020101448200 Exception <a 'java/lang/ClassNotFoundException'{0x00000000c2ee4f88}: sun/awt/resources/spi/awtProvider> (0x00000000c2ee4f88) 
thrown [s\open\src\hotspot\share\classfile\systemDictionary.cpp, line 255]
Event: 12.327 Thread 0x0000020101448200 Exception <a 'java/io/FileNotFoundException'{0x00000000c2d07500}> (0x00000000c2d07500) 
thrown [s\open\src\hotspot\share\prims\jni.cpp, line 517]
Event: 12.329 Thread 0x0000020101448200 Exception <a 'java/io/FileNotFoundException'{0x00000000c2d08d88}> (0x00000000c2d08d88) 
thrown [s\open\src\hotspot\share\prims\jni.cpp, line 517]
Event: 15.087 Thread 0x0000020122410f00 Exception <a 'java/lang/NoSuchMethodError'{0x00000000c4361e60}: 'void java.lang.invoke.DirectMethodHandle$Holder.invokeSpecial(java.lang.Object, java.lang.Object, int)'> (0x00000000c4361e60) 
thrown [s\open\src\hotspot\share\interpreter\linkResolver.cpp, line 774]

VM Operations (20 events):
Event: 12.165 Executing VM operation: HandshakeAllThreads
Event: 12.165 Executing VM operation: HandshakeAllThreads done
Event: 13.178 Executing VM operation: Cleanup
Event: 13.178 Executing VM operation: Cleanup done
Event: 13.503 Executing VM operation: HandshakeAllThreads
Event: 13.564 Executing VM operation: HandshakeAllThreads done
Event: 13.600 Executing VM operation: G1CollectForAllocation
Event: 13.647 Executing VM operation: G1CollectForAllocation done
Event: 14.648 Executing VM operation: Cleanup
Event: 14.648 Executing VM operation: Cleanup done
Event: 15.040 Executing VM operation: G1CollectForAllocation
Event: 15.057 Executing VM operation: G1CollectForAllocation done
Event: 16.072 Executing VM operation: Cleanup
Event: 16.072 Executing VM operation: Cleanup done
Event: 18.081 Executing VM operation: Cleanup
Event: 18.081 Executing VM operation: Cleanup done
Event: 2397.587 Executing VM operation: Cleanup
Event: 2397.597 Executing VM operation: Cleanup done
Event: 2399.619 Executing VM operation: Cleanup
Event: 2399.619 Executing VM operation: Cleanup done

Events (20 events):
Event: 1663.690 Thread 0x000002012240f470 Thread added: 0x000002012240f470
Event: 1664.704 Thread 0x000002012240f470 Thread exited: 0x000002012240f470
Event: 1736.014 Thread 0x000002012240f470 Thread added: 0x000002012240f470
Event: 1737.180 Thread 0x000002012240f470 Thread exited: 0x000002012240f470
Event: 2470.916 Thread 0x000002012240f470 Thread added: 0x000002012240f470
Event: 2473.056 Thread 0x000002012240f470 Thread exited: 0x000002012240f470
Event: 2988.216 Thread 0x000002012240f9c0 Thread added: 0x000002012240f9c0
Event: 2990.540 Thread 0x000002012240f9c0 Thread exited: 0x000002012240f9c0
Event: 3274.476 Thread 0x000002012240f470 Thread added: 0x000002012240f470
Event: 3275.572 Thread 0x000002012240f470 Thread exited: 0x000002012240f470
Event: 3532.181 Thread 0x000002012240ff10 Thread added: 0x000002012240ff10
Event: 3534.579 Thread 0x000002012240ff10 Thread exited: 0x000002012240ff10
Event: 4268.741 Thread 0x000002012240f470 Thread added: 0x000002012240f470
Event: 4270.373 Thread 0x000002012240f470 Thread exited: 0x000002012240f470
Event: 5025.100 Thread 0x000002012240f9c0 Thread added: 0x000002012240f9c0
Event: 5028.623 Thread 0x000002012240f9c0 Thread exited: 0x000002012240f9c0
Event: 5717.995 Thread 0x000002012240f470 Thread added: 0x000002012240f470
Event: 5722.372 Thread 0x000002012240f470 Thread exited: 0x000002012240f470
Event: 5913.181 Thread 0x000002012240f470 Thread added: 0x000002012240f470
Event: 5924.965 Thread 0x000002012240f9c0 Thread added: 0x000002012240f9c0


Dynamic libraries:
0x00007ff6a4200000 - 0x00007ff6a4210000 	D:\Java\jdk-19\bin\java.exe
0x00007ffb9f690000 - 0x00007ffb9f888000 	C:\Windows\SYSTEM32\ntdll.dll
0x00007ffb9f590000 - 0x00007ffb9f64f000 	C:\Windows\System32\KERNEL32.DLL
0x00007ffb9d1b0000 - 0x00007ffb9d482000 	C:\Windows\System32\KERNELBASE.dll
0x00007ffb9d000000 - 0x00007ffb9d100000 	C:\Windows\System32\ucrtbase.dll
0x00007ffb95d30000 - 0x00007ffb95d4b000 	D:\Java\jdk-19\bin\VCRUNTIME140.dll
0x00007ffb95d50000 - 0x00007ffb95d68000 	D:\Java\jdk-19\bin\jli.dll
0x00007ffb9e7d0000 - 0x00007ffb9e87e000 	C:\Windows\System32\ADVAPI32.dll
0x00007ffb9e0b0000 - 0x00007ffb9e14e000 	C:\Windows\System32\msvcrt.dll
0x00007ffb9e150000 - 0x00007ffb9e1ec000 	C:\Windows\System32\sechost.dll
0x00007ffb9e1f0000 - 0x00007ffb9e314000 	C:\Windows\System32\RPCRT4.dll
0x00007ffb9d6e0000 - 0x00007ffb9d881000 	C:\Windows\System32\USER32.dll
0x00007ffb9d4e0000 - 0x00007ffb9d502000 	C:\Windows\System32\win32u.dll
0x00007ffb9e440000 - 0x00007ffb9e46b000 	C:\Windows\System32\GDI32.dll
0x00007ffb9d540000 - 0x00007ffb9d64f000 	C:\Windows\System32\gdi32full.dll
0x00007ffb9cf60000 - 0x00007ffb9cffd000 	C:\Windows\System32\msvcp_win.dll
0x00007ffb87600000 - 0x00007ffb8789a000 	C:\Windows\WinSxS\amd64_microsoft.windows.common-controls_6595b64144ccf1df_6.0.19041.1110_none_60b5254171f9507e\COMCTL32.dll
0x00007ffb954b0000 - 0x00007ffb954ba000 	C:\Windows\SYSTEM32\VERSION.dll
0x00007ffb9eb70000 - 0x00007ffb9eba0000 	C:\Windows\System32\IMM32.DLL
0x00007ffb95d20000 - 0x00007ffb95d2c000 	D:\Java\jdk-19\bin\vcruntime140_1.dll
0x00007ffb86430000 - 0x00007ffb864be000 	D:\Java\jdk-19\bin\msvcp140.dll
0x00007ffb35d80000 - 0x00007ffb36a40000 	D:\Java\jdk-19\bin\server\jvm.dll
0x00007ffb95e50000 - 0x00007ffb95e59000 	C:\Windows\SYSTEM32\WSOCK32.dll
0x00007ffb9e9c0000 - 0x00007ffb9ea2b000 	C:\Windows\System32\WS2_32.dll
0x00007ffb95480000 - 0x00007ffb954a7000 	C:\Windows\SYSTEM32\WINMM.dll
0x00007ffb9ac50000 - 0x00007ffb9ac62000 	C:\Windows\SYSTEM32\kernel.appcore.dll
0x00007ffb95d10000 - 0x00007ffb95d1a000 	D:\Java\jdk-19\bin\jimage.dll
0x00007ffb880e0000 - 0x00007ffb882c4000 	C:\Windows\SYSTEM32\DBGHELP.DLL
0x00007ffb880a0000 - 0x00007ffb880d5000 	C:\Windows\SYSTEM32\dbgcore.DLL
0x00007ffb9d650000 - 0x00007ffb9d6d2000 	C:\Windows\System32\bcryptPrimitives.dll
0x00007ffb8e2d0000 - 0x00007ffb8e2f6000 	D:\Java\jdk-19\bin\java.dll
0x00007ffb6caa0000 - 0x00007ffb6cb77000 	D:\Java\jdk-19\bin\jsvml.dll
0x00007ffb9ec90000 - 0x00007ffb9f3d5000 	C:\Windows\System32\SHELL32.dll
0x00007ffb9ae50000 - 0x00007ffb9b5e2000 	C:\Windows\SYSTEM32\windows.storage.dll
0x00007ffb9e470000 - 0x00007ffb9e7c5000 	C:\Windows\System32\combase.dll
0x00007ffb9c780000 - 0x00007ffb9c7b0000 	C:\Windows\SYSTEM32\Wldp.dll
0x00007ffb9d890000 - 0x00007ffb9d93d000 	C:\Windows\System32\SHCORE.dll
0x00007ffb9e880000 - 0x00007ffb9e8d5000 	C:\Windows\System32\shlwapi.dll
0x00007ffb9ccd0000 - 0x00007ffb9ccef000 	C:\Windows\SYSTEM32\profapi.dll
0x00007ffb8e2b0000 - 0x00007ffb8e2c3000 	D:\Java\jdk-19\bin\net.dll
0x00007ffb8b650000 - 0x00007ffb8b75a000 	C:\Windows\SYSTEM32\WINHTTP.dll
0x00007ffb9c470000 - 0x00007ffb9c4da000 	C:\Windows\system32\mswsock.dll
0x00007ffb8e290000 - 0x00007ffb8e2a6000 	D:\Java\jdk-19\bin\nio.dll
0x00007ffb8e1b0000 - 0x00007ffb8e1c8000 	D:\Java\jdk-19\bin\zip.dll
0x00007ffb8e1e0000 - 0x00007ffb8e1f0000 	D:\Java\jdk-19\bin\verify.dll
0x00007ffb9c660000 - 0x00007ffb9c678000 	C:\Windows\SYSTEM32\CRYPTSP.dll
0x00007ffb9bd90000 - 0x00007ffb9bdc4000 	C:\Windows\system32\rsaenh.dll
0x00007ffb9d510000 - 0x00007ffb9d537000 	C:\Windows\System32\bcrypt.dll
0x00007ffb9cc50000 - 0x00007ffb9cc7e000 	C:\Windows\SYSTEM32\USERENV.dll
0x00007ffb9c680000 - 0x00007ffb9c68c000 	C:\Windows\SYSTEM32\CRYPTBASE.dll
0x00007ffb9c160000 - 0x00007ffb9c19b000 	C:\Windows\SYSTEM32\IPHLPAPI.DLL
0x00007ffb9e330000 - 0x00007ffb9e338000 	C:\Windows\System32\NSI.dll
0x00007ffb8f180000 - 0x00007ffb8f197000 	C:\Windows\SYSTEM32\dhcpcsvc6.DLL
0x00007ffb90ef0000 - 0x00007ffb90f0d000 	C:\Windows\SYSTEM32\dhcpcsvc.DLL
0x00007ffb9c1a0000 - 0x00007ffb9c26b000 	C:\Windows\SYSTEM32\DNSAPI.dll
0x00007ffb9beb0000 - 0x00007ffb9bee3000 	C:\Windows\SYSTEM32\ntmarta.dll
0x00007ffb798d0000 - 0x00007ffb798e7000 	C:\Windows\system32\napinsp.dll
0x00007ffb798b0000 - 0x00007ffb798cb000 	C:\Windows\system32\pnrpnsp.dll
0x00007ffb7cae0000 - 0x00007ffb7caf5000 	C:\Windows\system32\wshbth.dll
0x00007ffb928c0000 - 0x00007ffb928dd000 	C:\Windows\system32\NLAapi.dll
0x00007ffb79c20000 - 0x00007ffb79c32000 	C:\Windows\System32\winrnr.dll
0x00007ffb81dc0000 - 0x00007ffb81dca000 	C:\Windows\System32\rasadhlp.dll
0x00007ffb841c0000 - 0x00007ffb84240000 	C:\Windows\System32\fwpuclnt.dll
0x00007ffb8ded0000 - 0x00007ffb8dede000 	D:\Java\jdk-19\bin\sunmscapi.dll
0x00007ffb9ce00000 - 0x00007ffb9cf56000 	C:\Windows\System32\CRYPT32.dll
0x00007ffb9c7f0000 - 0x00007ffb9c817000 	C:\Windows\SYSTEM32\ncrypt.dll
0x00007ffb9c7b0000 - 0x00007ffb9c7eb000 	C:\Windows\SYSTEM32\NTASN1.dll
0x00007ffb82f00000 - 0x00007ffb82f08000 	D:\Java\jdk-19\bin\extnet.dll
0x00007ffb7ec30000 - 0x00007ffb7ec3a000 	D:\Java\jdk-19\bin\management.dll
0x00007ffb7a910000 - 0x00007ffb7a91b000 	D:\Java\jdk-19\bin\management_ext.dll
0x00007ffb9e8e0000 - 0x00007ffb9e8e8000 	C:\Windows\System32\PSAPI.DLL
0x00007ffb882d0000 - 0x00007ffb882d7000 	C:\Windows\system32\wshunix.dll
0x00007ffb6c4a0000 - 0x00007ffb6c631000 	D:\Java\jdk-19\bin\awt.dll
0x00007ffb9e8f0000 - 0x00007ffb9e9bd000 	C:\Windows\System32\OLEAUT32.dll
0x00007ffb9a680000 - 0x00007ffb9a710000 	C:\Windows\SYSTEM32\apphelp.dll
0x00007ffb9a780000 - 0x00007ffb9a81e000 	C:\Windows\system32\uxtheme.dll
0x00007ffb9d9f0000 - 0x00007ffb9db04000 	C:\Windows\System32\MSCTF.dll
0x00007ffb9db10000 - 0x00007ffb9dc3a000 	C:\Windows\System32\ole32.dll
0x00007ffb98a60000 - 0x00007ffb98a74000 	C:\Windows\system32\Wtsapi32.dll
0x00007ffb9c710000 - 0x00007ffb9c774000 	C:\Windows\SYSTEM32\WINSTA.dll
0x00007ffb98900000 - 0x00007ffb989f6000 	C:\Windows\SYSTEM32\PROPSYS.dll
0x00007ffb8b460000 - 0x00007ffb8b64c000 	C:\Windows\SYSTEM32\urlmon.dll
0x00007ffb8c580000 - 0x00007ffb8c831000 	C:\Windows\SYSTEM32\iertutil.dll
0x00007ffb8b430000 - 0x00007ffb8b458000 	C:\Windows\SYSTEM32\srvcli.dll
0x00007ffb9c270000 - 0x00007ffb9c27c000 	C:\Windows\SYSTEM32\netutils.dll
0x00007ffb9d940000 - 0x00007ffb9d9e9000 	C:\Windows\System32\clbcatq.dll
0x00007ffb84380000 - 0x00007ffb8439d000 	C:\Windows\System32\Windows.Shell.ServiceHostBuilder.dll
0x00007ffb97610000 - 0x00007ffb97ddb000 	C:\Windows\System32\OneCoreUAPCommonProxyStub.dll
0x00007ffb85b80000 - 0x00007ffb85cc6000 	C:\Windows\System32\Windows.StateRepositoryPS.dll
0x00007ffb98cf0000 - 0x00007ffb98e44000 	C:\Windows\System32\WinTypes.dll
0x00007ffb7f9b0000 - 0x00007ffb7f9d4000 	C:\Windows\SYSTEM32\edputil.dll
0x00007ffb86bc0000 - 0x00007ffb86bcc000 	C:\Windows\SYSTEM32\Secur32.dll
0x00007ffb9cc80000 - 0x00007ffb9ccb2000 	C:\Windows\SYSTEM32\SSPICLI.DLL
0x00007ffb792f0000 - 0x00007ffb79332000 	C:\Windows\SYSTEM32\MLANG.dll
0x00007ffb87120000 - 0x00007ffb875f9000 	C:\Windows\SYSTEM32\WININET.dll
0x00007ffb77630000 - 0x00007ffb7767c000 	C:\Windows\System32\Windows.UI.AppDefaults.dll
0x00007ffb92350000 - 0x00007ffb923f3000 	C:\Windows\SYSTEM32\policymanager.dll
0x00007ffb9be20000 - 0x00007ffb9beaa000 	C:\Windows\SYSTEM32\msvcp110_win.dll
0x00007ffb9d490000 - 0x00007ffb9d4de000 	C:\Windows\System32\CFGMGR32.dll
0x00007ffb85d70000 - 0x00007ffb85def000 	C:\Windows\System32\OneCoreCommonProxyStub.dll
0x00007ffb890e0000 - 0x00007ffb8918c000 	C:\Windows\SYSTEM32\TextShaping.dll
0x00007ffb9aa70000 - 0x00007ffb9aa9f000 	C:\Windows\system32\DWMAPI.DLL
0x00007ffb5bf10000 - 0x00007ffb5c035000 	C:\Windows\system32\opengl32.dll
0x00007ffb5bee0000 - 0x00007ffb5bf0c000 	C:\Windows\SYSTEM32\GLU32.dll
0x00007ffb51820000 - 0x00007ffb519ee000 	C:\Windows\system32\d3d9.dll
0x00007ffb954c0000 - 0x00007ffb9569b000 	C:\Windows\System32\DriverStore\FileRepository\u0364884.inf_amd64_07f0299bfe315e96\B364490\aticfx64.dll
0x00007ffb6fe30000 - 0x00007ffb6fe63000 	C:\Windows\System32\DriverStore\FileRepository\u0364884.inf_amd64_07f0299bfe315e96\B364490\atiu9p64.dll
0x00007ffb35050000 - 0x00007ffb35d71000 	C:\Windows\System32\DriverStore\FileRepository\u0364884.inf_amd64_07f0299bfe315e96\B364490\atiumd64.dll
0x000000006b750000 - 0x000000006c612000 	C:\Windows\System32\DriverStore\FileRepository\u0364884.inf_amd64_07f0299bfe315e96\B364490\atiumd6a.dll
0x00007ffb9cb50000 - 0x00007ffb9cb9b000 	C:\Windows\SYSTEM32\POWRPROF.dll
0x00007ffb9cb30000 - 0x00007ffb9cb42000 	C:\Windows\SYSTEM32\UMPDC.dll
0x00007ffb93220000 - 0x00007ffb93250000 	C:\Windows\SYSTEM32\amdihk64.dll

dbghelp: loaded successfully - version: 4.0.5 - missing functions: none
symbol engine: initialized successfully - sym options: 0x614 - pdb path: .;D:\Java\jdk-19\bin;C:\Windows\SYSTEM32;C:\Windows\WinSxS\amd64_microsoft.windows.common-controls_6595b64144ccf1df_6.0.19041.1110_none_60b5254171f9507e;D:\Java\jdk-19\bin\server;C:\Windows\System32\DriverStore\FileRepository\u0364884.inf_amd64_07f0299bfe315e96\B364490

VM Arguments:
java_command: io.qameta.allure.CommandLine serve C:\Git\Java45\ChromDriverDucksAllure\target\allure-results
java_class_path (initial): C:\Git\Java45\ChromDriverDucksAllure\.allure\allure-2.14.0\lib\allure-commandline-2.14.0.jar;C:\Git\Java45\ChromDriverDucksAllure\.allure\allure-2.14.0\lib\jcommander-1.81.jar;C:\Git\Java45\ChromDriverDucksAllure\.allure\allure-2.14.0\lib\allure-generator-2.14.0.jar;C:\Git\Java45\ChromDriverDucksAllure\.allure\allure-2.14.0\lib\jackson-dataformat-xml-2.12.3.jar;C:\Git\Java45\ChromDriverDucksAllure\.allure\allure-2.14.0\lib\jackson-module-jaxb-annotations-2.12.3.jar;C:\Git\Java45\ChromDriverDucksAllure\.allure\allure-2.14.0\lib\jackson-annotations-2.12.3.jar;C:\Git\Java45\ChromDriverDucksAllure\.allure\allure-2.14.0\lib\jackson-core-2.12.3.jar;C:\Git\Java45\ChromDriverDucksAllure\.allure\allure-2.14.0\lib\jackson-dataformat-yaml-2.12.3.jar;C:\Git\Java45\ChromDriverDucksAllure\.allure\allure-2.14.0\lib\allure-plugin-api-2.14.0.jar;C:\Git\Java45\ChromDriverDucksAllure\.allure\allure-2.14.0\lib\allure-model-2.13.0.jar;C:\Git\Java45\ChromDriverDucksAllure\.allure\allure-2.14.0\lib\jackson-databind-2.12.3.jar;C:\Git\Java45\ChromDriverDucksAllure\.allure\allure-2.14.0\lib\commons-io-2.8.0.jar;C:\Git\Java45\ChromDriverDucksAllure\.allure\allure-2.14.0\lib\jetty-server-9.4.20.v20190813.jar;C:\Git\Java45\ChromDriverDucksAllure\.allure\allure-2.14.0\lib\slf4j-log4j12-1.7.28.jar;C:\Git\Java45\ChromDriverDucksAllure\.allure\allure-2.14.0\lib\snakeyaml-1.27.jar;C:\Git\Java45\ChromDriverDucksAllure\.allure\allure-2.14.0\lib\javax.servlet-api-3.1.0.jar;C:\Git\Java45\ChromDriverDucksAllure\.allure\allure-2.14.0\lib\jetty-http-9.4.20.v20190813.jar;C:\Git\Java45\ChromDriverDucksAllure\.allure\allure-2.14.0\lib\jetty-io-9.4.20.v20190813.jar;C:\Git\Java45\ChromDriverDucksAllure\.allure\allure-2.14.0\lib\allure1-model-1.0.jar;C:\Git\Java45\ChromDriverDucksAllure\.allure\allure-2.14.0\lib\slf4j-api-1.7.28.jar;C:\Git\Java45\ChromDriverDucksAllure\.allure\allure-2.14.0\lib\log4j-1.2.17.jar;C:\Git\Java45\ChromDriverDucksAllure\.allure\allure-2.14.0\lib\jaxb-api-2.3.1.jar;C:\Git\Java45\ChromDriverDucksAllure\.allure\allure-2.14.0\lib\httpclient-4.5.13.jar;C:\Git\Java45\ChromDriverDucksAllure\.allure\allure-2.14.0\lib\tika-core-1.26.jar;C:\Git\Java45\ChromDriverDucksAllure\.allure\allure-2.14.0\lib\freemarker-2.3.31.jar;C:\Git\Java45\ChromDriverDucksAllure\.allure\allure-2.14.0\lib\jetty-util-9.4.20.v20190813.jar;C:\Git\Java45\ChromDriverDucksAllure\.allure\allure-2.14.0\lib\opencsv-4.6.jar;C:\Git\Java45\ChromDriverDucksAllure\.allure\allure-2.14.0\lib\flexmark-0.62.2.jar;C:\Git\Java45\ChromDriverDucksAllure\.allure\allure-2.14.0\lib\woodstox-core-6.2.4.jar;C:\Git\Java45\ChromDriverDucksAllure\.allure\allure-2.14.0\lib\stax2-api-4.2.1.jar;C:\Git\Java45\ChromDriverDucksAllure\.allure\allure-2.14.0\lib\javax.activation-api-1.2.0.jar;C:\Git\Java45\ChromDriverDucksAllure\.allure\allure-2.14.0\lib\properties-2.0.RC5.jar;C:\Git\Java45\ChromDriverDucksAllure\.allure\allure-2.14.0\lib\jaxb-utils-1.0.jar;C:\Git\Java45\ChromDriverDucksAllure\.allure\allure-2.14.0\lib\httpcore-4.4.13.jar;C:\Git\Java45\ChromDriverDucksAllure\.allure\allure-2.14.0\lib\commons-beanutils-1.9.3.jar;C:\Git\Java45\ChromDriverDucksAllure\.allure\allure-2.14.0\lib\commons-logging-1.2.jar;C:\Git\Java45\ChromDriverDucksAllure\.allure\allure-2.14.0\lib\commons-codec-1.11.jar;C:\Git\Java45\ChromDriverDucksAllure\.allure\allure-2.14.0\lib\commons-text-1.3.jar;C:\Git\Java45\ChromDriverDucksAllure\.allure\allure-2.14.0\lib\commons-lang3-3.12.0.jar;C:\Git\Java45\ChromDriverDucksAllure\.allure\allure-2.14.0\lib\commons-collections4-4.2.jar;C:\Git\Java45\ChromDriverDucksAllure\.allure\allure-2.14.0\lib\flexmark-util-format-0.62.2.jar;C:\Git\Java45\ChromDriverDucksAllure\.allure\allure-2.14.0\lib\flexmark-util-ast-0.62.2.jar;C:\Git\Java45\ChromDriverDucksAllure\.allure\allure-2.14.0\lib\flexmark-util-builder-0.62.2.jar;C:\Git\Java45\ChromDriverDucksAllure\.allure\allure-2.14.0\lib\flexmark-util-dependency-0.62.2.jar;C:\Git\Java45\ChromDriverDucksAllure\.allure\allure-2.14.0\lib\flexmark-util-html-0.62.2.jar;C:\Git\Java45\ChromDriverDucksAllure\.allure\allure-2.14.0\lib\flexmark-util-sequence-0.62.2.jar;C:\Git\Java45\ChromDriverDucksAllure\.allure\allure-2.14.0\lib\flexmark-util-collection-0.62.2.jar;C:\Git\Java45\ChromDriverDucksAllure\.allure\allure-2.14.0\lib\flexmark-util-data-0.62.2.jar;C:\Git\Java45\ChromDriverDucksAllure\.allure\allure-2.14.0\lib\flexmark-util-misc-0.62.2.jar;C:\Git\Java45\ChromDriverDucksAllure\.allure\allure-2.14.0\lib\flexmark-util-visitor-0.62.2.jar;C:\Git\Java45\ChromDriverDucksAllure\.allure\allure-2.14.0\lib\jakarta.xml.bind-api-2.3.2.jar;C:\Git\Java45\ChromDriverDucksAllure\.allure\allure-2.14.0\lib\jakarta.activation-api-1.2.1.jar;C:\Git\Java45\ChromDriverDucksAllure\.allure\allure-2.14.0\lib\commons-collections-3.2.2.jar;C:\Git\Java45\ChromDriverDucksAllure\.allure\allure-2.14.0\lib\annotations-15.0.jar;C:\Git\Java45\ChromDriverDucksAllure\.allure\allure-2.14.0\lib\config
Launcher Type: SUN_STANDARD

[Global flags]
     intx CICompilerCount                          = 2                                         {product} {ergonomic}
     uint ConcGCThreads                            = 1                                         {product} {ergonomic}
     uint G1ConcRefinementThreads                  = 2                                         {product} {ergonomic}
   size_t G1HeapRegionSize                         = 1048576                                   {product} {ergonomic}
    uintx GCDrainStackTargetSize                   = 64                                        {product} {ergonomic}
   size_t InitialHeapSize                          = 67108864                                  {product} {ergonomic}
   size_t MarkStackSize                            = 4194304                                   {product} {ergonomic}
   size_t MaxHeapSize                              = 1044381696                                {product} {ergonomic}
   size_t MaxNewSize                               = 625999872                                 {product} {ergonomic}
   size_t MinHeapDeltaBytes                        = 1048576                                   {product} {ergonomic}
   size_t MinHeapSize                              = 8388608                                   {product} {ergonomic}
    uintx NonNMethodCodeHeapSize                   = 5826188                                {pd product} {ergonomic}
    uintx NonProfiledCodeHeapSize                  = 122916026                              {pd product} {ergonomic}
    uintx ProfiledCodeHeapSize                     = 122916026                              {pd product} {ergonomic}
    uintx ReservedCodeCacheSize                    = 251658240                              {pd product} {ergonomic}
     bool SegmentedCodeCache                       = true                                      {product} {ergonomic}
   size_t SoftMaxHeapSize                          = 1044381696                             {manageable} {ergonomic}
     bool UseCompressedClassPointers               = true                           {product lp64_product} {ergonomic}
     bool UseCompressedOops                        = true                           {product lp64_product} {ergonomic}
     bool UseG1GC                                  = true                                      {product} {ergonomic}
     bool UseLargePagesIndividualAllocation        = false                                  {pd product} {ergonomic}

Logging:
Log output configuration:
 #0: stdout all=warning uptime,level,tags foldmultilines=false
 #1: stderr all=off uptime,level,tags foldmultilines=false

Environment Variables:
CLASSPATH=C:\Git\Java45\ChromDriverDucksAllure\.allure\allure-2.14.0\lib\allure-commandline-2.14.0.jar;C:\Git\Java45\ChromDriverDucksAllure\.allure\allure-2.14.0\lib\jcommander-1.81.jar;C:\Git\Java45\ChromDriverDucksAllure\.allure\allure-2.14.0\lib\allure-generator-2.14.0.jar;C:\Git\Java45\ChromDriverDucksAllure\.allure\allure-2.14.0\lib\jackson-dataformat-xml-2.12.3.jar;C:\Git\Java45\ChromDriverDucksAllure\.allure\allure-2.14.0\lib\jackson-module-jaxb-annotations-2.12.3.jar;C:\Git\Java45\ChromDriverDucksAllure\.allure\allure-2.14.0\lib\jackson-annotations-2.12.3.jar;C:\Git\Java45\ChromDriverDucksAllure\.allure\allure-2.14.0\lib\jackson-core-2.12.3.jar;C:\Git\Java45\ChromDriverDucksAllure\.allure\allure-2.14.0\lib\jackson-dataformat-yaml-2.12.3.jar;C:\Git\Java45\ChromDriverDucksAllure\.allure\allure-2.14.0\lib\allure-plugin-api-2.14.0.jar;C:\Git\Java45\ChromDriverDucksAllure\.allure\allure-2.14.0\lib\allure-model-2.13.0.jar;C:\Git\Java45\ChromDriverDucksAllure\.allure\allure-2.14.0\lib\jackson-databind-2.12.3.jar;C:\Git\Java45\ChromDriverDucksAllure\.allure\allure-2.14.0\lib\commons-io-2.8.0.jar;C:\Git\Java45\ChromDriverDucksAllure\.allure\allure-2.14.0\lib\jetty-server-9.4.20.v20190813.jar;C:\Git\Java45\ChromDriverDucksAllure\.allure\allure-2.14.0\lib\slf4j-log4j12-1.7.28.jar;C:\Git\Java45\ChromDriverDucksAllure\.allure\allure-2.14.0\lib\snakeyaml-1.27.jar;C:\Git\Java45\ChromDriverDucksAllure\.allure\allure-2.14.0\lib\javax.servlet-api-3.1.0.jar;C:\Git\Java45\ChromDriverDucksAllure\.allure\allure-2.14.0\lib\jetty-http-9.4.20.v20190813.jar;C:\Git\Java45\ChromDriverDucksAllure\.allure\allure-2.14.0\lib\jetty-io-9.4.20.v20190813.jar;C:\Git\Java45\ChromDriverDucksAllure\.allure\allure-2.14.0\lib\allure1-model-1.0.jar;C:\Git\Java45\ChromDriverDucksAllure\.allure\allure-2.14.0\lib\slf4j-api-1.7.28.jar;C:\Git\Java45\ChromDriverDucksAllure\.allure\allure-2.14.0\lib\log4j-1.2.17.jar;C:\Git\Java45\ChromDriverDucksAllure\.allure\allure-2.14.0\lib\jaxb-api-2.3.1.jar;C:\Git\Java45\ChromDriverDucksAllure\.allure\allure-2.14.0\lib\httpclient-4.5.13.jar;C:\Git\Java45\ChromDriverDucksAllure\.allure\allure-2.14.0\lib\tika-core-1.26.jar;C:\Git\Java45\ChromDriverDucksAllure\.allure\allure-2.14.0\lib\freemarker-2.3.31.jar;C:\Git\Java45\ChromDriverDucksAllure\.allure\allure-2.14.0\lib\jetty-util-9.4.20.v20190813.jar;C:\Git\Java45\ChromDriverDucksAllure\.allure\allure-2.14.0\lib\opencsv-4.6.jar;C:\Git\Java45\ChromDriverDucksAllure\.allure\allure-2.14.0\lib\flexmark-0.62.2.jar;C:\Git\Java45\ChromDriverDucksAllure\.allure\allure-2.14.0\lib\woodstox-core-6.2.4.jar;C:\Git\Java45\ChromDriverDucksAllure\.allure\allure-2.14.0\lib\stax2-api-4.2.1.jar;C:\Git\Java45\ChromDriverDucksAllure\.allure\allure-2.14.0\lib\javax.activation-api-1.2.0.jar;C:\Git\Java45\ChromDriverDucksAllure\.allure\allure-2.14.0\lib\properties-2.0.RC5.jar;C:\Git\Java45\ChromDriverDucksAllure\.allure\allure-2.14.0\lib\jaxb-utils-1.0.jar;C:\Git\Java45\ChromDriverDucksAllure\.allure\allure-2.14.0\lib\httpcore-4.4.13.jar;C:\Git\Java45\ChromDriverDucksAllure\.allure\allure-2.14.0\lib\commons-beanutils-1.9.3.jar;C:\Git\Java45\ChromDriverDucksAllure\.allure\allure-2.14.0\lib\commons-logging-1.2.jar;C:\Git\Java45\ChromDriverDucksAllure\.allure\allure-2.14.0\lib\commons-codec-1.11.jar;C:\Git\Java45\ChromDriverDucksAllure\.allure\allure-2.14.0\lib\commons-text-1.3.jar;C:\Git\Java45\ChromDriverDucksAllure\.allure\allure-2.14.0\lib\commons-lang3-3.12.0.jar;C:\Git\Java45\ChromDriverDucksAllure\.allure\allure-2.14.0\lib\commons-collections4-4.2.jar;C:\Git\Java45\ChromDriverDucksAllure\.allure\allure-2.14.0\lib\flexmark-util-format-0.62.2.jar;C:\Git\Java45\ChromDriverDucksAllure\.allure\allure-2.14.0\lib\flexmark-util-ast-0.62.2.jar;C:\Git\Java45\ChromDriverDucksAllure\.allure\allure-2.14.0\lib\flexmark-util-builder-0.62.2.jar;C:\Git\Java45\ChromDriverDucksAllure\.allure\allure-2.14.0\lib\flexmark-util-dependency-0.62.2.jar;C:\Git\Java45\ChromDriverDucksAllure\.allure\allure-2.14.0\lib\flexmark-util-html-0.62.2.jar;C:\Git\Java45\ChromDriverDucksAllure\.allure\allure-2.14.0\lib\flexmark-util-sequence-0.62.2.jar;C:\Git\Java45\ChromDriverDucksAllure\.allure\allure-2.14.0\lib\flexmark-util-collection-0.62.2.jar;C:\Git\Java45\ChromDriverDucksAllure\.allure\allure-2.14.0\lib\flexmark-util-data-0.62.2.jar;C:\Git\Java45\ChromDriverDucksAllure\.allure\allure-2.14.0\lib\flexmark-util-misc-0.62.2.jar;C:\Git\Java45\ChromDriverDucksAllure\.allure\allure-2.14.0\lib\flexmark-util-visitor-0.62.2.jar;C:\Git\Java45\ChromDriverDucksAllure\.allure\allure-2.14.0\lib\jakarta.xml.bind-api-2.3.2.jar;C:\Git\Java45\ChromDriverDucksAllure\.allure\allure-2.14.0\lib\jakarta.activation-api-1.2.1.jar;C:\Git\Java45\ChromDriverDucksAllure\.allure\allure-2.14.0\lib\commons-collections-3.2.2.jar;C:\Git\Java45\ChromDriverDucksAllure\.allure\allure-2.14.0\lib\annotations-15.0.jar;C:\Git\Java45\ChromDriverDucksAllure\.allure\allure-2.14.0\lib\config
PATH=C:\Program Files\Common Files\Oracle\Java\javapath;C:\Windows\system32;C:\Windows;C:\Windows\System32\Wbem;C:\Windows\System32\WindowsPowerShell\v1.0\;C:\Windows\System32\OpenSSH\;C:\Program Files\7-Zip;D:\Testing\;c:\ediabas\bin;C:\Gradle\gradle-8.0.2\bin;C:\Users\HP\apache-maven-3.9.0\bin;C:\Program Files\Git\cmd;D:\\chromedriver_win32;C:\Users\HP\allure-2.9.0\bin;C:\Users\HP\AppData\Local\Microsoft\WindowsApps;
USERNAME=HP
OS=Windows_NT
PROCESSOR_IDENTIFIER=AMD64 Family 21 Model 112 Stepping 0, AuthenticAMD
TMP=C:\Users\HP\AppData\Local\Temp
TEMP=C:\Users\HP\AppData\Local\Temp



---------------  S Y S T E M  ---------------

OS:
 Windows 10 , 64 bit Build 19041 (10.0.19041.2546)
OS uptime: 0 days 7:53 hours

CPU: total 2 (initial active 2) (2 cores per cpu, 1 threads per core) family 21 model 112 stepping 0 microcode 0x0, cx8, cmov, fxsr, mmx, 3dnowpref, sse, sse2, sse3, ssse3, sse4a, sse4.1, sse4.2, popcnt, lzcnt, tsc, tscinvbit, avx, avx2, aes, clmul, bmi1, bmi2, fma, vzeroupper, clflush, rdtscp

Memory: 4k page, system-wide physical 3977M (209M free)
TotalPageFile size 11448M (AvailPageFile size 27M)
current process WorkingSet (physical memory assigned to process): 33M, peak: 155M
current process commit charge ("private bytes"): 171M, peak: 176M

vm_info: Java HotSpot(TM) 64-Bit Server VM (19.0.2+7-44) for windows-amd64 JRE (19.0.2+7-44), built on 2022-11-30T18:02:09Z by "mach5one" with MS VC++ 17.1 (VS2022)

END.
