#
# There is insufficient memory for the Java Runtime Environment to continue.
# Native memory allocation (mmap) failed to map 65536 bytes for Failed to commit metaspace.
# Possible reasons:
#   The system is out of physical RAM or swap space
#   The process is running with CompressedOops enabled, and the Java Heap may be blocking the growth of the native heap
# Possible solutions:
#   Reduce memory load on the system
#   Increase physical memory or swap space
#   Check if swap backing store is full
#   Decrease Java heap size (-Xmx/-Xms)
#   Decrease number of Java threads
#   Decrease Java thread stack sizes (-Xss)
#   Set larger code cache with -XX:ReservedCodeCacheSize=
#   JVM is running with Unscaled Compressed Oops mode in which the Java heap is
#     placed in the first 4GB address space. The Java Heap base address is the
#     maximum limit for the native heap growth. Please use -XX:HeapBaseMinAddress
#     to set the Java Heap base and to place the Java Heap above 4GB virtual address.
# This output file may be truncated or incomplete.
#
#  Out of Memory Error (virtualSpaceNode.cpp:110), pid=412, tid=6600
#
# JRE version: Java(TM) SE Runtime Environment (19.0.2+7) (build 19.0.2+7-44)
# Java VM: Java HotSpot(TM) 64-Bit Server VM (19.0.2+7-44, mixed mode, sharing, tiered, compressed oops, compressed class ptrs, g1 gc, windows-amd64)
# No core dump will be written. Minidumps are not enabled by default on client versions of Windows
#

---------------  S U M M A R Y ------------

Command Line: io.qameta.allure.CommandLine serve C:\Git\Java45\ChromDriverDucksAllure\target\allure-results

Host: AMD A9-9425 RADEON R5, 5 COMPUTE CORES 2C+3G   , 2 cores, 3G,  Windows 10 , 64 bit Build 19041 (10.0.19041.2546)
Time: Mon Apr 17 20:19:52 2023  Windows 10 , 64 bit Build 19041 (10.0.19041.2546) elapsed time: 17181.913995 seconds (0d 4h 46m 21s)

---------------  T H R E A D  ---------------

Current thread (0x000002695c181c10):  JavaThread "AWT-EventQueue-0" [_thread_in_vm, id=6600, stack(0x00000075f9200000,0x00000075f9300000)]

Stack: [0x00000075f9200000,0x00000075f9300000]
Native frames: (J=compiled Java code, j=interpreted, Vv=VM code, C=native code)
V  [jvm.dll+0x6ee21a]
V  [jvm.dll+0x85765e]
V  [jvm.dll+0x85904e]
V  [jvm.dll+0x859703]
V  [jvm.dll+0x28298f]
V  [jvm.dll+0x8532db]
V  [jvm.dll+0x692cb6]
V  [jvm.dll+0x692d1a]
V  [jvm.dll+0x695613]
V  [jvm.dll+0x6954de]
V  [jvm.dll+0x6936de]
V  [jvm.dll+0x26f591]
V  [jvm.dll+0x21ea57]
V  [jvm.dll+0x2146a1]
V  [jvm.dll+0x5a9cb6]
V  [jvm.dll+0x2257aa]
V  [jvm.dll+0x7cc802]
V  [jvm.dll+0x7cdc4a]
V  [jvm.dll+0x7cdf78]
V  [jvm.dll+0x46a0b9]
V  [jvm.dll+0x445d7d]
C  [awt.dll+0xda4b8]

Java frames: (J=compiled Java code, j=interpreted, Vv=VM code)
j  sun.awt.Win32GraphicsConfig.getBounds(I)Ljava/awt/Rectangle;+0 java.desktop@19.0.2
j  sun.awt.Win32GraphicsConfig.getBounds()Ljava/awt/Rectangle;+8 java.desktop@19.0.2
j  sun.awt.Win32GraphicsDevice.displayChanged()V+23 java.desktop@19.0.2
j  sun.awt.Win32GraphicsEnvironment.displayChanged()V+198 java.desktop@19.0.2
j  sun.awt.windows.WToolkit.lambda$displayChanged$4()V+15 java.desktop@19.0.2
j  sun.awt.windows.WToolkit$$Lambda$600+0x0000000801367ec8.run()V+0 java.desktop@19.0.2
j  java.awt.event.InvocationEvent.dispatch()V+47 java.desktop@19.0.2
j  java.awt.EventQueue.dispatchEventImpl(Ljava/awt/AWTEvent;Ljava/lang/Object;)V+21 java.desktop@19.0.2
j  java.awt.EventQueue$4.run()Ljava/lang/Void;+32 java.desktop@19.0.2
j  java.awt.EventQueue$4.run()Ljava/lang/Object;+1 java.desktop@19.0.2
j  java.security.AccessController.executePrivileged(Ljava/security/PrivilegedAction;Ljava/security/AccessControlContext;Ljava/lang/Class;)Ljava/lang/Object;+29 java.base@19.0.2
j  java.security.AccessController.doPrivileged(Ljava/security/PrivilegedAction;Ljava/security/AccessControlContext;)Ljava/lang/Object;+13 java.base@19.0.2
j  java.security.ProtectionDomain$JavaSecurityAccessImpl.doIntersectionPrivilege(Ljava/security/PrivilegedAction;Ljava/security/AccessControlContext;Ljava/security/AccessControlContext;)Ljava/lang/Object;+18 java.base@19.0.2
j  java.awt.EventQueue.dispatchEvent(Ljava/awt/AWTEvent;)V+46 java.desktop@19.0.2
j  java.awt.EventDispatchThread.pumpOneEventForFilters(I)V+81 java.desktop@19.0.2
j  java.awt.EventDispatchThread.pumpEventsForFilter(ILjava/awt/Conditional;Ljava/awt/EventFilter;)V+35 java.desktop@19.0.2
j  java.awt.EventDispatchThread.pumpEventsForHierarchy(ILjava/awt/Conditional;Ljava/awt/Component;)V+11 java.desktop@19.0.2
j  java.awt.EventDispatchThread.pumpEvents(ILjava/awt/Conditional;)V+4 java.desktop@19.0.2
j  java.awt.EventDispatchThread.pumpEvents(Ljava/awt/Conditional;)V+3 java.desktop@19.0.2
j  java.awt.EventDispatchThread.run()V+9 java.desktop@19.0.2
v  ~StubRoutines::call_stub 0x0000026949e1100e

---------------  P R O C E S S  ---------------

Threads class SMR info:
_java_thread_list=0x000002695ad61ab0, length=25, elements={
0x0000026939189380, 0x000002695654df30, 0x000002695654f130, 0x0000026956553920,
0x0000026956555260, 0x0000026956555b90, 0x0000026956556600, 0x0000026956557670,
0x0000026956567b80, 0x0000026956585d00, 0x000002695a877860, 0x000002695a89e840,
0x000002695c477910, 0x000002695ba587a0, 0x000002695ba58ce0, 0x000002695c16e990,
0x000002695c181170, 0x000002695c1816c0, 0x000002695c1806d0, 0x000002695c17f6e0,
0x000002695c1826b0, 0x000002695c180180, 0x000002695c17fc30, 0x000002695c182c00,
0x000002695c181c10
}

Java Threads: ( => current thread )
  0x0000026939189380 JavaThread "main" [_thread_blocked, id=10712, stack(0x00000075f9300000,0x00000075f9400000)]
  0x000002695654df30 JavaThread "Reference Handler" daemon [_thread_blocked, id=11120, stack(0x00000075f9a00000,0x00000075f9b00000)]
  0x000002695654f130 JavaThread "Finalizer" daemon [_thread_blocked, id=8208, stack(0x00000075f9b00000,0x00000075f9c00000)]
  0x0000026956553920 JavaThread "Signal Dispatcher" daemon [_thread_blocked, id=10212, stack(0x00000075f9c00000,0x00000075f9d00000)]
  0x0000026956555260 JavaThread "Attach Listener" daemon [_thread_blocked, id=3704, stack(0x00000075f9d00000,0x00000075f9e00000)]
  0x0000026956555b90 JavaThread "Service Thread" daemon [_thread_blocked, id=9184, stack(0x00000075f9e00000,0x00000075f9f00000)]
  0x0000026956556600 JavaThread "Monitor Deflation Thread" daemon [_thread_blocked, id=6848, stack(0x00000075f9f00000,0x00000075fa000000)]
  0x0000026956557670 JavaThread "C2 CompilerThread0" daemon [_thread_blocked, id=9708, stack(0x00000075fa000000,0x00000075fa100000)]
  0x0000026956567b80 JavaThread "C1 CompilerThread0" daemon [_thread_blocked, id=9328, stack(0x00000075fa100000,0x00000075fa200000)]
  0x0000026956585d00 JavaThread "Sweeper thread" daemon [_thread_blocked, id=10688, stack(0x00000075fa200000,0x00000075fa300000)]
  0x000002695a877860 JavaThread "Notification Thread" daemon [_thread_blocked, id=8576, stack(0x00000075fa300000,0x00000075fa400000)]
  0x000002695a89e840 JavaThread "Common-Cleaner" daemon [_thread_blocked, id=2284, stack(0x00000075fa500000,0x00000075fa600000)]
  0x000002695c477910 JavaThread "qtp1156210828-29" [_thread_in_native, id=1388, stack(0x00000075fa700000,0x00000075fa800000)]
  0x000002695ba587a0 JavaThread "qtp1156210828-30-acceptor-0@3feed32a-ServerConnector@27f3b6d6{HTTP/1.1,[http/1.1]}{0.0.0.0:52329}" [_thread_in_native, id=10644, stack(0x00000075fa800000,0x00000075fa900000)]
  0x000002695ba58ce0 JavaThread "qtp1156210828-31" [_thread_blocked, id=5060, stack(0x00000075fa900000,0x00000075faa00000)]
  0x000002695c16e990 JavaThread "qtp1156210828-32" [_thread_blocked, id=1748, stack(0x00000075faa00000,0x00000075fab00000)]
  0x000002695c181170 JavaThread "qtp1156210828-33" [_thread_blocked, id=3384, stack(0x00000075fab00000,0x00000075fac00000)]
  0x000002695c1816c0 JavaThread "qtp1156210828-36" [_thread_blocked, id=3976, stack(0x00000075fae00000,0x00000075faf00000)]
  0x000002695c1806d0 JavaThread "Java2D Disposer" daemon [_thread_blocked, id=10532, stack(0x00000075faf00000,0x00000075fb000000)]
  0x000002695c17f6e0 JavaThread "AWT-Windows" daemon [_thread_in_native, id=10720, stack(0x00000075fb100000,0x00000075fb200000)]
  0x000002695c1826b0 JavaThread "Connector-Scheduler-27f3b6d6" [_thread_blocked, id=10576, stack(0x00000075fb200000,0x00000075fb300000)]
  0x000002695c180180 JavaThread "qtp1156210828-42" [_thread_blocked, id=3592, stack(0x00000075fb000000,0x00000075fb100000)]
  0x000002695c17fc30 JavaThread "qtp1156210828-43" [_thread_blocked, id=9508, stack(0x00000075fb800000,0x00000075fb900000)]
  0x000002695c182c00 JavaThread "AWT-Shutdown" [_thread_blocked, id=3840, stack(0x00000075f9100000,0x00000075f9200000)]
=>0x000002695c181c10 JavaThread "AWT-EventQueue-0" [_thread_in_vm, id=6600, stack(0x00000075f9200000,0x00000075f9300000)]

Other Threads:
  0x00000269392479c0 VMThread "VM Thread" [stack: 0x00000075f9900000,0x00000075f9a00000] [id=10888] _threads_hazard_ptr=0x000002695ad61ab0
  0x000002695a89dbd0 WatcherThread "VM Periodic Task Thread" [stack: 0x00000075fa400000,0x00000075fa500000] [id=10748]
  0x00000269391cc360 WorkerThread "GC Thread#0" [stack: 0x00000075f9400000,0x00000075f9500000] [id=5164]
  0x000002695acd10e0 WorkerThread "GC Thread#1" [stack: 0x00000075fa600000,0x00000075fa700000] [id=6004]
  0x00000269391d4f40 ConcurrentGCThread "G1 Main Marker" [stack: 0x00000075f9500000,0x00000075f9600000] [id=3008]
  0x00000269391d5b10 WorkerThread "G1 Conc#0" [stack: 0x00000075f9600000,0x00000075f9700000] [id=2928]
  0x0000026939226760 ConcurrentGCThread "G1 Refine#0" [stack: 0x00000075f9700000,0x00000075f9800000] [id=7984]
  0x00000269392272a0 ConcurrentGCThread "G1 Service" [stack: 0x00000075f9800000,0x00000075f9900000] [id=11156]

Threads with active compile tasks:

VM state: synchronizing (normal execution)

VM Mutex/Monitor currently owned by a thread:  ([mutex/lock_event])
[0x0000026939183bf0] Metaspace_lock - owner thread: 0x000002695c181c10
[0x0000026939185ec0] Threads_lock - owner thread: 0x00000269392479c0

Heap address: 0x00000000c1c00000, size: 996 MB, Compressed Oops mode: 32-bit

CDS archive(s) mapped at: [0x0000000800000000-0x0000000800c40000-0x0000000800c40000), size 12845056, SharedBaseAddress: 0x0000000800000000, ArchiveRelocationMode: 0.
Compressed class space mapped at: 0x0000000801000000-0x0000000841000000, reserved size: 1073741824
Narrow klass base: 0x0000000800000000, Narrow klass shift: 0, Narrow klass range: 0x100000000

GC Precious Log:
 CardTable entry size: 512
 Card Set container configuration: InlinePtr #cards 5 size 8 Array Of Cards #cards 12 size 40 Howl #buckets 4 coarsen threshold 1843 Howl Bitmap #cards 512 size 80 coarsen threshold 460 Card regions per heap region 1 cards per card region 2048
 CPUs: 2 total, 2 available
 Memory: 3977M
 Large Page Support: Disabled
 NUMA Support: Disabled
 Compressed Oops: Enabled (32-bit)
 Heap Region Size: 1M
 Heap Min Capacity: 8M
 Heap Initial Capacity: 64M
 Heap Max Capacity: 996M
 Pre-touch: Disabled
 Parallel Workers: 2
 Concurrent Workers: 1
 Concurrent Refinement Workers: 2
 Periodic GC: Disabled

Heap:
 garbage-first heap   total 34816K, used 15021K [0x00000000c1c00000, 0x0000000100000000)
  region size 1024K, 5 young (5120K), 1 survivors (1024K)
 Metaspace       used 30146K, committed 30400K, reserved 1114112K
  class space    used 3423K, committed 3520K, reserved 1048576K

Heap Regions: E=young(eden), S=young(survivor), O=old, HS=humongous(starts), HC=humongous(continues), CS=collection set, F=free, OA=open archive, CA=closed archive, TAMS=top-at-mark-start (previous, next)
|   0|0x00000000c1c00000, 0x00000000c1d00000, 0x00000000c1d00000|100%| O|  |TAMS 0x00000000c1d00000, 0x00000000c1c00000| Untracked 
|   1|0x00000000c1d00000, 0x00000000c1e00000, 0x00000000c1e00000|100%| O|  |TAMS 0x00000000c1e00000, 0x00000000c1d00000| Untracked 
|   2|0x00000000c1e00000, 0x00000000c1f00000, 0x00000000c1f00000|100%| O|  |TAMS 0x00000000c1ed8e00, 0x00000000c1e00000| Untracked 
|   3|0x00000000c1f00000, 0x00000000c2000000, 0x00000000c2000000|100%| O|  |TAMS 0x00000000c1f00000, 0x00000000c1f00000| Untracked 
|   4|0x00000000c2000000, 0x00000000c2000000, 0x00000000c2100000|  0%| F|  |TAMS 0x00000000c2000000, 0x00000000c2000000| Untracked 
|   5|0x00000000c2100000, 0x00000000c2200000, 0x00000000c2200000|100%| O|  |TAMS 0x00000000c2100000, 0x00000000c2100000| Untracked 
|   6|0x00000000c2200000, 0x00000000c2300000, 0x00000000c2300000|100%| O|  |TAMS 0x00000000c2200000, 0x00000000c2200000| Untracked 
|   7|0x00000000c2300000, 0x00000000c2400000, 0x00000000c2400000|100%| O|  |TAMS 0x00000000c2300000, 0x00000000c2300000| Untracked 
|   8|0x00000000c2400000, 0x00000000c2500000, 0x00000000c2500000|100%| O|  |TAMS 0x00000000c2400000, 0x00000000c2400000| Untracked 
|   9|0x00000000c2500000, 0x00000000c2600000, 0x00000000c2600000|100%| O|  |TAMS 0x00000000c2500000, 0x00000000c2500000| Untracked 
|  10|0x00000000c2600000, 0x00000000c2700000, 0x00000000c2700000|100%| O|  |TAMS 0x00000000c2600000, 0x00000000c2600000| Untracked 
|  11|0x00000000c2700000, 0x00000000c2800000, 0x00000000c2800000|100%| O|  |TAMS 0x00000000c2700000, 0x00000000c2700000| Untracked 
|  12|0x00000000c2800000, 0x00000000c2800000, 0x00000000c2900000|  0%| F|  |TAMS 0x00000000c2800000, 0x00000000c2800000| Untracked 
|  13|0x00000000c2900000, 0x00000000c2900000, 0x00000000c2a00000|  0%| F|  |TAMS 0x00000000c2900000, 0x00000000c2900000| Untracked 
|  14|0x00000000c2a00000, 0x00000000c2a00000, 0x00000000c2b00000|  0%| F|  |TAMS 0x00000000c2a00000, 0x00000000c2a00000| Untracked 
|  15|0x00000000c2b00000, 0x00000000c2b00000, 0x00000000c2c00000|  0%| F|  |TAMS 0x00000000c2b00000, 0x00000000c2b00000| Untracked 
|  16|0x00000000c2c00000, 0x00000000c2c00000, 0x00000000c2d00000|  0%| F|  |TAMS 0x00000000c2c00000, 0x00000000c2c00000| Untracked 
|  17|0x00000000c2d00000, 0x00000000c2d00000, 0x00000000c2e00000|  0%| F|  |TAMS 0x00000000c2d00000, 0x00000000c2d00000| Untracked 
|  18|0x00000000c2e00000, 0x00000000c2e00000, 0x00000000c2f00000|  0%| F|  |TAMS 0x00000000c2e00000, 0x00000000c2e00000| Untracked 
|  19|0x00000000c2f00000, 0x00000000c2f00000, 0x00000000c3000000|  0%| F|  |TAMS 0x00000000c2f00000, 0x00000000c2f00000| Untracked 
|  20|0x00000000c3000000, 0x00000000c3000000, 0x00000000c3100000|  0%| F|  |TAMS 0x00000000c3000000, 0x00000000c3000000| Untracked 
|  21|0x00000000c3100000, 0x00000000c3100000, 0x00000000c3200000|  0%| F|  |TAMS 0x00000000c3100000, 0x00000000c3100000| Untracked 
|  22|0x00000000c3200000, 0x00000000c3200000, 0x00000000c3300000|  0%| F|  |TAMS 0x00000000c3200000, 0x00000000c3200000| Untracked 
|  23|0x00000000c3300000, 0x00000000c3300000, 0x00000000c3400000|  0%| F|  |TAMS 0x00000000c3300000, 0x00000000c3300000| Untracked 
|  24|0x00000000c3400000, 0x00000000c3400000, 0x00000000c3500000|  0%| F|  |TAMS 0x00000000c3400000, 0x00000000c3400000| Untracked 
|  25|0x00000000c3500000, 0x00000000c3500000, 0x00000000c3600000|  0%| F|  |TAMS 0x00000000c3500000, 0x00000000c3500000| Untracked 
|  26|0x00000000c3600000, 0x00000000c3600000, 0x00000000c3700000|  0%| F|  |TAMS 0x00000000c3600000, 0x00000000c3600000| Untracked 
|  27|0x00000000c3700000, 0x00000000c3700000, 0x00000000c3800000|  0%| F|  |TAMS 0x00000000c3700000, 0x00000000c3700000| Untracked 
|  28|0x00000000c3800000, 0x00000000c3800000, 0x00000000c3900000|  0%| F|  |TAMS 0x00000000c3800000, 0x00000000c3800000| Untracked 
|  31|0x00000000c3b00000, 0x00000000c3b71418, 0x00000000c3c00000| 44%| E|  |TAMS 0x00000000c3b00000, 0x00000000c3b00000| Complete 
|  32|0x00000000c3c00000, 0x00000000c3d00000, 0x00000000c3d00000|100%| E|CS|TAMS 0x00000000c3c00000, 0x00000000c3c00000| Complete 
|  33|0x00000000c3d00000, 0x00000000c3e00000, 0x00000000c3e00000|100%| E|CS|TAMS 0x00000000c3d00000, 0x00000000c3d00000| Complete 
|  34|0x00000000c3e00000, 0x00000000c3eab540, 0x00000000c3f00000| 66%| S|CS|TAMS 0x00000000c3e00000, 0x00000000c3e00000| Complete 
|  35|0x00000000c3f00000, 0x00000000c4000000, 0x00000000c4000000|100%| E|CS|TAMS 0x00000000c3f00000, 0x00000000c3f00000| Complete 

Card table byte_map: [0x0000026951ee0000,0x00000269520e0000] _byte_map_base: 0x00000269518d2000

Marking Bits (Prev, Next): (CMBitMap*) 0x00000269391cc9d0, (CMBitMap*) 0x00000269391cc990
 Prev Bits: [0x0000026953270000, 0x0000026954200000)
 Next Bits: [0x00000269522e0000, 0x0000026953270000)

Polling page: 0x0000026938f20000

Metaspace:

Usage:
  Non-class:     26.10 MB used.
      Class:      3.34 MB used.
       Both:     29.44 MB used.

Virtual space:
  Non-class space:       64.00 MB reserved,      26.25 MB ( 41%) committed,  1 nodes.
      Class space:        1.00 GB reserved,       3.44 MB ( <1%) committed,  1 nodes.
             Both:        1.06 GB reserved,      29.69 MB (  3%) committed. 

Chunk freelists:
   Non-Class:  992.00 KB
       Class:  515.00 KB
        Both:  1.47 MB

MaxMetaspaceSize: unlimited
CompressedClassSpaceSize: 1.00 GB
Initial GC threshold: 21.00 MB
Current GC threshold: 35.12 MB
CDS: on
MetaspaceReclaimPolicy: balanced
 - commit_granule_bytes: 65536.
 - commit_granule_words: 8192.
 - virtual_space_node_default_size: 8388608.
 - enlarge_chunks_in_place: 1.
 - new_chunks_are_fully_committed: 0.
 - uncommit_free_chunks: 1.
 - use_allocation_guard: 0.


Internal statistics:

num_allocs_failed_limit: 3.
num_arena_births: 268.
num_arena_deaths: 0.
num_vsnodes_births: 2.
num_vsnodes_deaths: 0.
num_space_committed: 475.
num_space_uncommitted: 0.
num_chunks_returned_to_freelist: 3.
num_chunks_taken_from_freelist: 1039.
num_chunk_merges: 3.
num_chunk_splits: 721.
num_chunks_enlarged: 591.
num_inconsistent_stats: 0.

CodeHeap 'non-profiled nmethods': size=120064Kb used=1218Kb max_used=1218Kb free=118845Kb
 bounds [0x000002694a3a0000, 0x000002694a610000, 0x00000269518e0000]
CodeHeap 'profiled nmethods': size=120000Kb used=6610Kb max_used=6610Kb free=113389Kb
 bounds [0x00000269428e0000, 0x0000026942f60000, 0x0000026949e10000]
CodeHeap 'non-nmethods': size=5696Kb used=1406Kb max_used=1425Kb free=4289Kb
 bounds [0x0000026949e10000, 0x000002694a080000, 0x000002694a3a0000]
 total_blobs=3916 nmethods=3268 adapters=559
 compilation: enabled
              stopped_count=0, restarted_count=0
 full_count=0

Compilation events (20 events):
Event: 2788.270 Thread 0x0000026956567b80 3259       3       java.util.HashSet::isEmpty (8 bytes)
Event: 2788.277 Thread 0x0000026956567b80 nmethod 3259 0x0000026942f51b90 code [0x0000026942f51d40, 0x0000026942f51f08]
Event: 4515.749 Thread 0x0000026956557670 3260       4       jdk.internal.misc.Unsafe::putReferenceOpaque (9 bytes)
Event: 4515.779 Thread 0x0000026956557670 nmethod 3260 0x000002694a4cf910 code [0x000002694a4cfa80, 0x000002694a4cfbb8]
Event: 4806.053 Thread 0x0000026956557670 3261       4       jdk.internal.misc.Unsafe::weakCompareAndSetInt (11 bytes)
Event: 4806.062 Thread 0x0000026956557670 nmethod 3261 0x000002694a4cfc10 code [0x000002694a4cfd80, 0x000002694a4cfe18]
Event: 10268.992 Thread 0x0000026956557670 3262       4       jdk.internal.misc.Unsafe::putIntOpaque (9 bytes)
Event: 10269.002 Thread 0x0000026956557670 nmethod 3262 0x000002694a4cff10 code [0x000002694a4d0080, 0x000002694a4d0118]
Event: 10328.933 Thread 0x0000026956557670 3263       4       java.util.concurrent.locks.AbstractQueuedSynchronizer$Node::setStatusRelaxed (12 bytes)
Event: 10328.944 Thread 0x0000026956557670 nmethod 3263 0x000002694a4d0210 code [0x000002694a4d0380, 0x000002694a4d03f8]
Event: 12858.234 Thread 0x0000026956567b80 3264       3       java.util.concurrent.locks.AbstractQueuedSynchronizer$ConditionObject::await (203 bytes)
Event: 12858.256 Thread 0x0000026956567b80 nmethod 3264 0x0000026942f52010 code [0x0000026942f52300, 0x0000026942f53328]
Event: 14513.219 Thread 0x0000026956567b80 3265       3       sun.awt.AWTAutoShutdown::getInstance (4 bytes)
Event: 14513.235 Thread 0x0000026956567b80 nmethod 3265 0x0000026942f53990 code [0x0000026942f53b20, 0x0000026942f53c18]
Event: 14898.864 Thread 0x0000026956567b80 3266       3       java.lang.ref.ReferenceQueue::await (15 bytes)
Event: 14898.899 Thread 0x0000026956567b80 nmethod 3266 0x0000026942f53c90 code [0x0000026942f53e40, 0x0000026942f53fe8]
Event: 17157.915 Thread 0x0000026956557670 3267       4       jdk.internal.org.objectweb.asm.ByteVector::put122 (93 bytes)
Event: 17157.938 Thread 0x0000026956557670 nmethod 3267 0x000002694a4d0510 code [0x000002694a4d06a0, 0x000002694a4d0888]
Event: 17159.503 Thread 0x0000026956567b80 3268       3       java.lang.invoke.MethodHandles::identity (87 bytes)
Event: 17159.545 Thread 0x0000026956567b80 nmethod 3268 0x0000026942f54110 code [0x0000026942f54300, 0x0000026942f54738]

GC Heap History (14 events):
Event: 0.837 GC heap before
{Heap before GC invocations=0 (full 0):
 garbage-first heap   total 65536K, used 6144K [0x00000000c1c00000, 0x0000000100000000)
  region size 1024K, 6 young (6144K), 0 survivors (0K)
 Metaspace       used 2099K, committed 2240K, reserved 1114112K
  class space    used 216K, committed 256K, reserved 1048576K
}
Event: 0.844 GC heap after
{Heap after GC invocations=1 (full 0):
 garbage-first heap   total 65536K, used 2390K [0x00000000c1c00000, 0x0000000100000000)
  region size 1024K, 1 young (1024K), 1 survivors (1024K)
 Metaspace       used 2099K, committed 2240K, reserved 1114112K
  class space    used 216K, committed 256K, reserved 1048576K
}
Event: 1.141 GC heap before
{Heap before GC invocations=1 (full 0):
 garbage-first heap   total 65536K, used 5462K [0x00000000c1c00000, 0x0000000100000000)
  region size 1024K, 5 young (5120K), 1 survivors (1024K)
 Metaspace       used 3940K, committed 4096K, reserved 1114112K
  class space    used 382K, committed 448K, reserved 1048576K
}
Event: 1.145 GC heap after
{Heap after GC invocations=2 (full 0):
 garbage-first heap   total 65536K, used 2847K [0x00000000c1c00000, 0x0000000100000000)
  region size 1024K, 1 young (1024K), 1 survivors (1024K)
 Metaspace       used 3940K, committed 4096K, reserved 1114112K
  class space    used 382K, committed 448K, reserved 1048576K
}
Event: 1.806 GC heap before
{Heap before GC invocations=2 (full 0):
 garbage-first heap   total 65536K, used 12063K [0x00000000c1c00000, 0x0000000100000000)
  region size 1024K, 11 young (11264K), 1 survivors (1024K)
 Metaspace       used 7131K, committed 7296K, reserved 1114112K
  class space    used 736K, committed 768K, reserved 1048576K
}
Event: 1.811 GC heap after
{Heap after GC invocations=3 (full 0):
 garbage-first heap   total 65536K, used 4040K [0x00000000c1c00000, 0x0000000100000000)
  region size 1024K, 2 young (2048K), 2 survivors (2048K)
 Metaspace       used 7131K, committed 7296K, reserved 1114112K
  class space    used 736K, committed 768K, reserved 1048576K
}
Event: 6.720 GC heap before
{Heap before GC invocations=3 (full 0):
 garbage-first heap   total 65536K, used 25544K [0x00000000c1c00000, 0x0000000100000000)
  region size 1024K, 24 young (24576K), 2 survivors (2048K)
 Metaspace       used 14331K, committed 14656K, reserved 1114112K
  class space    used 1589K, committed 1728K, reserved 1048576K
}
Event: 6.732 GC heap after
{Heap after GC invocations=4 (full 0):
 garbage-first heap   total 65536K, used 5987K [0x00000000c1c00000, 0x0000000100000000)
  region size 1024K, 3 young (3072K), 3 survivors (3072K)
 Metaspace       used 14331K, committed 14656K, reserved 1114112K
  class space    used 1589K, committed 1728K, reserved 1048576K
}
Event: 8.872 GC heap before
{Heap before GC invocations=4 (full 0):
 garbage-first heap   total 65536K, used 30563K [0x00000000c1c00000, 0x0000000100000000)
  region size 1024K, 28 young (28672K), 3 survivors (3072K)
 Metaspace       used 21198K, committed 21504K, reserved 1114112K
  class space    used 2371K, committed 2560K, reserved 1048576K
}
Event: 8.895 GC heap after
{Heap after GC invocations=5 (full 0):
 garbage-first heap   total 65536K, used 9586K [0x00000000c1c00000, 0x0000000100000000)
  region size 1024K, 5 young (5120K), 5 survivors (5120K)
 Metaspace       used 21198K, committed 21504K, reserved 1114112K
  class space    used 2371K, committed 2560K, reserved 1048576K
}
Event: 11.913 GC heap before
{Heap before GC invocations=6 (full 0):
 garbage-first heap   total 34816K, used 24946K [0x00000000c1c00000, 0x0000000100000000)
  region size 1024K, 20 young (20480K), 5 survivors (5120K)
 Metaspace       used 29530K, committed 29888K, reserved 1114112K
  class space    used 3345K, committed 3520K, reserved 1048576K
}
Event: 11.935 GC heap after
{Heap after GC invocations=7 (full 0):
 garbage-first heap   total 34816K, used 11504K [0x00000000c1c00000, 0x0000000100000000)
  region size 1024K, 2 young (2048K), 2 survivors (2048K)
 Metaspace       used 29530K, committed 29888K, reserved 1114112K
  class space    used 3345K, committed 3520K, reserved 1048576K
}
Event: 13.241 GC heap before
{Heap before GC invocations=7 (full 0):
 garbage-first heap   total 34816K, used 12528K [0x00000000c1c00000, 0x0000000100000000)
  region size 1024K, 3 young (3072K), 2 survivors (2048K)
 Metaspace       used 29679K, committed 30016K, reserved 1114112K
  class space    used 3367K, committed 3520K, reserved 1048576K
}
Event: 13.250 GC heap after
{Heap after GC invocations=8 (full 0):
 garbage-first heap   total 34816K, used 11949K [0x00000000c1c00000, 0x0000000100000000)
  region size 1024K, 1 young (1024K), 1 survivors (1024K)
 Metaspace       used 29679K, committed 30016K, reserved 1114112K
  class space    used 3367K, committed 3520K, reserved 1048576K
}

Dll operation events (12 events):
Event: 0.017 Loaded shared library D:\Java\jdk-19\bin\java.dll
Event: 0.035 Loaded shared library D:\Java\jdk-19\bin\jsvml.dll
Event: 0.210 Loaded shared library D:\Java\jdk-19\bin\net.dll
Event: 0.213 Loaded shared library D:\Java\jdk-19\bin\nio.dll
Event: 0.220 Loaded shared library D:\Java\jdk-19\bin\zip.dll
Event: 0.310 Loaded shared library D:\Java\jdk-19\bin\verify.dll
Event: 0.325 Loaded shared library D:\Java\jdk-19\bin\jimage.dll
Event: 8.406 Loaded shared library D:\Java\jdk-19\bin\sunmscapi.dll
Event: 9.082 Loaded shared library D:\Java\jdk-19\bin\extnet.dll
Event: 10.182 Loaded shared library D:\Java\jdk-19\bin\management.dll
Event: 10.191 Loaded shared library D:\Java\jdk-19\bin\management_ext.dll
Event: 10.582 Loaded shared library D:\Java\jdk-19\bin\awt.dll

Deoptimization events (20 events):
Event: 10.375 Thread 0x0000026939189380 DEOPT PACKING pc=0x000002694a406c60 sp=0x00000075f93fdb70
Event: 10.375 Thread 0x0000026939189380 DEOPT UNPACKING pc=0x0000026949e76da3 sp=0x00000075f93fdb38 mode 2
Event: 10.376 Thread 0x0000026939189380 Uncommon trap: trap_request=0xffffffc6 fr.pc=0x000002694a480134 relative=0x0000000000000d54
Event: 10.376 Thread 0x0000026939189380 Uncommon trap: reason=bimorphic_or_optimized_type_check action=maybe_recompile pc=0x000002694a480134 method=java.util.regex.Pattern$BmpCharPropertyGreedy.match(Ljava/util/regex/Matcher;ILjava/lang/CharSequence;)Z @ 70 c2
Event: 10.376 Thread 0x0000026939189380 DEOPT PACKING pc=0x000002694a480134 sp=0x00000075f93fdc70
Event: 10.376 Thread 0x0000026939189380 DEOPT UNPACKING pc=0x0000026949e76da3 sp=0x00000075f93fdb48 mode 2
Event: 10.474 Thread 0x0000026939189380 DEOPT PACKING pc=0x0000026942dea010 sp=0x00000075f93fded0
Event: 10.474 Thread 0x0000026939189380 DEOPT UNPACKING pc=0x0000026949e77543 sp=0x00000075f93fd3d0 mode 0
Event: 10.588 Thread 0x0000026939189380 Uncommon trap: trap_request=0xffffff45 fr.pc=0x000002694a3cd3f8 relative=0x0000000000000438
Event: 10.588 Thread 0x0000026939189380 Uncommon trap: reason=unstable_if action=reinterpret pc=0x000002694a3cd3f8 method=java.lang.AbstractStringBuilder.inflateIfNeededFor(Ljava/lang/String;)V @ 14 c2
Event: 10.588 Thread 0x0000026939189380 DEOPT PACKING pc=0x000002694a3cd3f8 sp=0x00000075f93fd720
Event: 10.588 Thread 0x0000026939189380 DEOPT UNPACKING pc=0x0000026949e76da3 sp=0x00000075f93fd5b0 mode 2
Event: 10.588 Thread 0x0000026939189380 Uncommon trap: trap_request=0xffffff45 fr.pc=0x000002694a3cc96c relative=0x000000000000042c
Event: 10.588 Thread 0x0000026939189380 Uncommon trap: reason=unstable_if action=reinterpret pc=0x000002694a3cc96c method=java.lang.AbstractStringBuilder.inflateIfNeededFor(Ljava/lang/String;)V @ 14 c2
Event: 10.588 Thread 0x0000026939189380 DEOPT PACKING pc=0x000002694a3cc96c sp=0x00000075f93fd6b0
Event: 10.588 Thread 0x0000026939189380 DEOPT UNPACKING pc=0x0000026949e76da3 sp=0x00000075f93fd5a8 mode 2
Event: 10.588 Thread 0x0000026939189380 Uncommon trap: trap_request=0xffffff45 fr.pc=0x000002694a3c606c relative=0x00000000000000cc
Event: 10.588 Thread 0x0000026939189380 Uncommon trap: reason=unstable_if action=reinterpret pc=0x000002694a3c606c method=java.lang.String.getBytes([BIB)V @ 5 c2
Event: 10.588 Thread 0x0000026939189380 DEOPT PACKING pc=0x000002694a3c606c sp=0x00000075f93fd5c0
Event: 10.588 Thread 0x0000026939189380 DEOPT UNPACKING pc=0x0000026949e76da3 sp=0x00000075f93fd588 mode 2

Classes loaded (20 events):
Event: 17176.814 Loading class sun/java2d/d3d/D3DRenderQueue done
Event: 17176.819 Loading class sun/java2d/pipe/RenderBuffer
Event: 17176.827 Loading class sun/java2d/pipe/RenderBuffer done
Event: 17176.831 Loading class sun/java2d/d3d/D3DRenderQueue$1
Event: 17176.832 Loading class sun/java2d/d3d/D3DRenderQueue$1 done
Event: 17176.850 Loading class sun/java2d/d3d/D3DGraphicsDevice$1Result
Event: 17176.850 Loading class sun/java2d/d3d/D3DGraphicsDevice$1Result done
Event: 17176.850 Loading class sun/java2d/d3d/D3DGraphicsDevice$1
Event: 17176.851 Loading class sun/java2d/d3d/D3DGraphicsDevice$1 done
Event: 17181.391 Loading class sun/java2d/d3d/D3DContext$D3DContextCaps
Event: 17181.396 Loading class sun/java2d/pipe/hw/ContextCapabilities
Event: 17181.401 Loading class sun/java2d/pipe/hw/ContextCapabilities done
Event: 17181.401 Loading class sun/java2d/d3d/D3DContext$D3DContextCaps done
Event: 17181.755 Loading class sun/awt/Win32GraphicsConfig
Event: 17181.857 Loading class sun/awt/image/SurfaceManager$ProxiedGraphicsConfig
Event: 17181.857 Loading class sun/awt/image/SurfaceManager$ProxiedGraphicsConfig done
Event: 17181.857 Loading class java/awt/GraphicsConfiguration
Event: 17181.867 Loading class java/awt/GraphicsConfiguration done
Event: 17181.867 Loading class sun/awt/Win32GraphicsConfig done
Event: 17181.899 Loading class java/awt/Rectangle

Classes unloaded (0 events):
No events

Classes redefined (0 events):
No events

Internal exceptions (20 events):
Event: 8.176 Thread 0x0000026939189380 Exception <a 'sun/nio/fs/WindowsException'{0x00000000c4dc3830}> (0x00000000c4dc3830) 
thrown [s\open\src\hotspot\share\prims\jni.cpp, line 517]
Event: 8.187 Thread 0x0000026939189380 Exception <a 'sun/nio/fs/WindowsException'{0x00000000c4dd25f0}> (0x00000000c4dd25f0) 
thrown [s\open\src\hotspot\share\prims\jni.cpp, line 517]
Event: 8.487 Thread 0x000002695bb83b50 Exception <a 'sun/nio/fs/WindowsException'{0x00000000c49a90d8}> (0x00000000c49a90d8) 
thrown [s\open\src\hotspot\share\prims\jni.cpp, line 517]
Event: 8.510 Thread 0x000002695bb83b50 Exception <a 'java/lang/NoSuchMethodError'{0x00000000c49ca6c0}: 'java.lang.Object java.lang.invoke.DirectMethodHandle$Holder.invokeStaticInit(java.lang.Object)'> (0x00000000c49ca6c0) 
thrown [s\open\src\hotspot\share\interpreter\linkResolver.cpp, line 774]
Event: 9.451 Thread 0x000002695bb83b50 Exception <a 'java/lang/NoSuchMethodError'{0x00000000c350e828}: 'void java.lang.invoke.DirectMethodHandle$Holder.invokeVirtual(java.lang.Object, java.lang.Object)'> (0x00000000c350e828) 
thrown [s\open\src\hotspot\share\interpreter\linkResolver.cpp, line 774]
Event: 9.756 Thread 0x0000026939189380 Exception <a 'sun/nio/fs/WindowsException'{0x00000000c34ecee8}> (0x00000000c34ecee8) 
thrown [s\open\src\hotspot\share\prims\jni.cpp, line 517]
Event: 9.765 Thread 0x0000026939189380 Exception <a 'sun/nio/fs/WindowsException'{0x00000000c34fb9a8}> (0x00000000c34fb9a8) 
thrown [s\open\src\hotspot\share\prims\jni.cpp, line 517]
Event: 9.778 Thread 0x0000026939189380 Exception <a 'java/lang/ClassNotFoundException'{0x00000000c325d3c8}: io/qameta/allure/csv/CsvExportBehaviorBeanInfo> (0x00000000c325d3c8) 
thrown [s\open\src\hotspot\share\classfile\systemDictionary.cpp, line 255]
Event: 9.779 Thread 0x0000026939189380 Exception <a 'java/lang/ClassNotFoundException'{0x00000000c325ef08}: io/qameta/allure/csv/CsvExportBehaviorCustomizer> (0x00000000c325ef08) 
thrown [s\open\src\hotspot\share\classfile\systemDictionary.cpp, line 255]
Event: 9.801 Thread 0x0000026939189380 Exception <a 'sun/nio/fs/WindowsException'{0x00000000c327f818}> (0x00000000c327f818) 
thrown [s\open\src\hotspot\share\prims\jni.cpp, line 517]
Event: 9.869 Thread 0x0000026939189380 Exception <a 'sun/nio/fs/WindowsException'{0x00000000c32ce270}> (0x00000000c32ce270) 
thrown [s\open\src\hotspot\share\prims\jni.cpp, line 517]
Event: 10.229 Thread 0x0000026939189380 Exception <a 'java/lang/NoSuchMethodError'{0x00000000c31df0d8}: 'void java.lang.invoke.DirectMethodHandle$Holder.invokeStaticInit(java.lang.Object)'> (0x00000000c31df0d8) 
thrown [s\open\src\hotspot\share\interpreter\linkResolver.cpp, line 774]
Event: 10.390 Thread 0x0000026939189380 Exception <a 'java/lang/NoSuchMethodError'{0x00000000c2f4f268}: 'int java.lang.invoke.DirectMethodHandle$Holder.invokeSpecial(java.lang.Object, java.lang.Object, int)'> (0x00000000c2f4f268) 
thrown [s\open\src\hotspot\share\interpreter\linkResolver.cpp, line 774]
Event: 10.414 Thread 0x0000026939189380 Exception <a 'java/lang/ClassNotFoundException'{0x00000000c2fe6f98}: sun/net/www/protocol/c/Handler> (0x00000000c2fe6f98) 
thrown [s\open\src\hotspot\share\classfile\systemDictionary.cpp, line 255]
Event: 10.419 Thread 0x0000026939189380 Exception <a 'sun/nio/fs/WindowsException'{0x00000000c2ffb448}> (0x00000000c2ffb448) 
thrown [s\open\src\hotspot\share\prims\jni.cpp, line 517]
Event: 10.542 Thread 0x0000026939189380 Exception <a 'java/lang/NoSuchMethodError'{0x00000000c2c0f810}: 'void java.lang.invoke.DirectMethodHandle$Holder.invokeInterface(java.lang.Object, java.lang.Object)'> (0x00000000c2c0f810) 
thrown [s\open\src\hotspot\share\interpreter\linkResolver.cpp, line 774]
Event: 10.559 Thread 0x0000026939189380 Exception <a 'java/lang/ClassNotFoundException'{0x00000000c2c1e818}: sun/awt/resources/spi/awtProvider> (0x00000000c2c1e818) 
thrown [s\open\src\hotspot\share\classfile\systemDictionary.cpp, line 255]
Event: 10.588 Thread 0x0000026939189380 Exception <a 'java/io/FileNotFoundException'{0x00000000c2c405c0}> (0x00000000c2c405c0) 
thrown [s\open\src\hotspot\share\prims\jni.cpp, line 517]
Event: 10.589 Thread 0x0000026939189380 Exception <a 'java/io/FileNotFoundException'{0x00000000c2c41c10}> (0x00000000c2c41c10) 
thrown [s\open\src\hotspot\share\prims\jni.cpp, line 517]
Event: 13.238 Thread 0x000002695c182c00 Exception <a 'java/lang/NoSuchMethodError'{0x00000000c3ff8b30}: 'void java.lang.invoke.DirectMethodHandle$Holder.invokeSpecial(java.lang.Object, java.lang.Object, int)'> (0x00000000c3ff8b30) 
thrown [s\open\src\hotspot\share\interpreter\linkResolver.cpp, line 774]

VM Operations (20 events):
Event: 10.452 Executing VM operation: HandshakeAllThreads
Event: 10.452 Executing VM operation: HandshakeAllThreads done
Event: 11.455 Executing VM operation: Cleanup
Event: 11.456 Executing VM operation: Cleanup done
Event: 11.593 Executing VM operation: HandshakeAllThreads
Event: 11.593 Executing VM operation: HandshakeAllThreads done
Event: 11.913 Executing VM operation: G1CollectForAllocation
Event: 11.935 Executing VM operation: G1CollectForAllocation done
Event: 12.951 Executing VM operation: Cleanup
Event: 12.951 Executing VM operation: Cleanup done
Event: 13.241 Executing VM operation: G1CollectForAllocation
Event: 13.250 Executing VM operation: G1CollectForAllocation done
Event: 15.273 Executing VM operation: Cleanup
Event: 15.273 Executing VM operation: Cleanup done
Event: 18.296 Executing VM operation: Cleanup
Event: 18.753 Executing VM operation: Cleanup done
Event: 43.950 Executing VM operation: Cleanup
Event: 43.950 Executing VM operation: Cleanup done
Event: 14959.408 Executing VM operation: Cleanup
Event: 14959.417 Executing VM operation: Cleanup done

Events (20 events):
Event: 12902.437 Thread 0x000002695c181c10 Thread added: 0x000002695c181c10
Event: 12903.453 Thread 0x000002695c181c10 Thread exited: 0x000002695c181c10
Event: 12974.714 Thread 0x000002695c181c10 Thread added: 0x000002695c181c10
Event: 12975.880 Thread 0x000002695c181c10 Thread exited: 0x000002695c181c10
Event: 13710.073 Thread 0x000002695c181c10 Thread added: 0x000002695c181c10
Event: 13711.774 Thread 0x000002695c181c10 Thread exited: 0x000002695c181c10
Event: 14226.775 Thread 0x000002695c181c10 Thread added: 0x000002695c181c10
Event: 14228.429 Thread 0x000002695c181c10 Thread exited: 0x000002695c181c10
Event: 14513.222 Thread 0x000002695c182c00 Thread added: 0x000002695c182c00
Event: 14514.348 Thread 0x000002695c182c00 Thread exited: 0x000002695c182c00
Event: 14770.912 Thread 0x000002695c181c10 Thread added: 0x000002695c181c10
Event: 14773.282 Thread 0x000002695c181c10 Thread exited: 0x000002695c181c10
Event: 15507.475 Thread 0x000002695c181c10 Thread added: 0x000002695c181c10
Event: 15508.909 Thread 0x000002695c181c10 Thread exited: 0x000002695c181c10
Event: 16264.011 Thread 0x000002695c182c00 Thread added: 0x000002695c182c00
Event: 16266.845 Thread 0x000002695c182c00 Thread exited: 0x000002695c182c00
Event: 16956.711 Thread 0x000002695c181c10 Thread added: 0x000002695c181c10
Event: 16961.066 Thread 0x000002695c181c10 Thread exited: 0x000002695c181c10
Event: 17151.971 Thread 0x000002695c182c00 Thread added: 0x000002695c182c00
Event: 17165.245 Thread 0x000002695c181c10 Thread added: 0x000002695c181c10


Dynamic libraries:
0x00007ff6a4200000 - 0x00007ff6a4210000 	D:\Java\jdk-19\bin\java.exe
0x00007ffb9f690000 - 0x00007ffb9f888000 	C:\Windows\SYSTEM32\ntdll.dll
0x00007ffb9f590000 - 0x00007ffb9f64f000 	C:\Windows\System32\KERNEL32.DLL
0x00007ffb9d1b0000 - 0x00007ffb9d482000 	C:\Windows\System32\KERNELBASE.dll
0x00007ffb9d000000 - 0x00007ffb9d100000 	C:\Windows\System32\ucrtbase.dll
0x00007ffb95d50000 - 0x00007ffb95d68000 	D:\Java\jdk-19\bin\jli.dll
0x00007ffb9e7d0000 - 0x00007ffb9e87e000 	C:\Windows\System32\ADVAPI32.dll
0x00007ffb9e0b0000 - 0x00007ffb9e14e000 	C:\Windows\System32\msvcrt.dll
0x00007ffb9e150000 - 0x00007ffb9e1ec000 	C:\Windows\System32\sechost.dll
0x00007ffb9e1f0000 - 0x00007ffb9e314000 	C:\Windows\System32\RPCRT4.dll
0x00007ffb9d6e0000 - 0x00007ffb9d881000 	C:\Windows\System32\USER32.dll
0x00007ffb9d4e0000 - 0x00007ffb9d502000 	C:\Windows\System32\win32u.dll
0x00007ffb9e440000 - 0x00007ffb9e46b000 	C:\Windows\System32\GDI32.dll
0x00007ffb9d540000 - 0x00007ffb9d64f000 	C:\Windows\System32\gdi32full.dll
0x00007ffb9cf60000 - 0x00007ffb9cffd000 	C:\Windows\System32\msvcp_win.dll
0x00007ffb87600000 - 0x00007ffb8789a000 	C:\Windows\WinSxS\amd64_microsoft.windows.common-controls_6595b64144ccf1df_6.0.19041.1110_none_60b5254171f9507e\COMCTL32.dll
0x00007ffb954b0000 - 0x00007ffb954ba000 	C:\Windows\SYSTEM32\VERSION.dll
0x00007ffb95d30000 - 0x00007ffb95d4b000 	D:\Java\jdk-19\bin\VCRUNTIME140.dll
0x00007ffb9eb70000 - 0x00007ffb9eba0000 	C:\Windows\System32\IMM32.DLL
0x00007ffb95d20000 - 0x00007ffb95d2c000 	D:\Java\jdk-19\bin\vcruntime140_1.dll
0x00007ffb86430000 - 0x00007ffb864be000 	D:\Java\jdk-19\bin\msvcp140.dll
0x00007ffb35d80000 - 0x00007ffb36a40000 	D:\Java\jdk-19\bin\server\jvm.dll
0x00007ffb95e50000 - 0x00007ffb95e59000 	C:\Windows\SYSTEM32\WSOCK32.dll
0x00007ffb9e9c0000 - 0x00007ffb9ea2b000 	C:\Windows\System32\WS2_32.dll
0x00007ffb95480000 - 0x00007ffb954a7000 	C:\Windows\SYSTEM32\WINMM.dll
0x00007ffb9ac50000 - 0x00007ffb9ac62000 	C:\Windows\SYSTEM32\kernel.appcore.dll
0x00007ffb95d10000 - 0x00007ffb95d1a000 	D:\Java\jdk-19\bin\jimage.dll
0x00007ffb880e0000 - 0x00007ffb882c4000 	C:\Windows\SYSTEM32\DBGHELP.DLL
0x00007ffb880a0000 - 0x00007ffb880d5000 	C:\Windows\SYSTEM32\dbgcore.DLL
0x00007ffb9d650000 - 0x00007ffb9d6d2000 	C:\Windows\System32\bcryptPrimitives.dll
0x00007ffb8e2d0000 - 0x00007ffb8e2f6000 	D:\Java\jdk-19\bin\java.dll
0x00007ffb6caa0000 - 0x00007ffb6cb77000 	D:\Java\jdk-19\bin\jsvml.dll
0x00007ffb9ec90000 - 0x00007ffb9f3d5000 	C:\Windows\System32\SHELL32.dll
0x00007ffb9ae50000 - 0x00007ffb9b5e2000 	C:\Windows\SYSTEM32\windows.storage.dll
0x00007ffb9e470000 - 0x00007ffb9e7c5000 	C:\Windows\System32\combase.dll
0x00007ffb9c780000 - 0x00007ffb9c7b0000 	C:\Windows\SYSTEM32\Wldp.dll
0x00007ffb9d890000 - 0x00007ffb9d93d000 	C:\Windows\System32\SHCORE.dll
0x00007ffb9e880000 - 0x00007ffb9e8d5000 	C:\Windows\System32\shlwapi.dll
0x00007ffb9ccd0000 - 0x00007ffb9ccef000 	C:\Windows\SYSTEM32\profapi.dll
0x00007ffb8e2b0000 - 0x00007ffb8e2c3000 	D:\Java\jdk-19\bin\net.dll
0x00007ffb8b650000 - 0x00007ffb8b75a000 	C:\Windows\SYSTEM32\WINHTTP.dll
0x00007ffb9c470000 - 0x00007ffb9c4da000 	C:\Windows\system32\mswsock.dll
0x00007ffb8e290000 - 0x00007ffb8e2a6000 	D:\Java\jdk-19\bin\nio.dll
0x00007ffb8e1b0000 - 0x00007ffb8e1c8000 	D:\Java\jdk-19\bin\zip.dll
0x00007ffb8e1e0000 - 0x00007ffb8e1f0000 	D:\Java\jdk-19\bin\verify.dll
0x00007ffb9c660000 - 0x00007ffb9c678000 	C:\Windows\SYSTEM32\CRYPTSP.dll
0x00007ffb9bd90000 - 0x00007ffb9bdc4000 	C:\Windows\system32\rsaenh.dll
0x00007ffb9d510000 - 0x00007ffb9d537000 	C:\Windows\System32\bcrypt.dll
0x00007ffb9cc50000 - 0x00007ffb9cc7e000 	C:\Windows\SYSTEM32\USERENV.dll
0x00007ffb9c680000 - 0x00007ffb9c68c000 	C:\Windows\SYSTEM32\CRYPTBASE.dll
0x00007ffb9c160000 - 0x00007ffb9c19b000 	C:\Windows\SYSTEM32\IPHLPAPI.DLL
0x00007ffb9e330000 - 0x00007ffb9e338000 	C:\Windows\System32\NSI.dll
0x00007ffb8f180000 - 0x00007ffb8f197000 	C:\Windows\SYSTEM32\dhcpcsvc6.DLL
0x00007ffb90ef0000 - 0x00007ffb90f0d000 	C:\Windows\SYSTEM32\dhcpcsvc.DLL
0x00007ffb9c1a0000 - 0x00007ffb9c26b000 	C:\Windows\SYSTEM32\DNSAPI.dll
0x00007ffb9beb0000 - 0x00007ffb9bee3000 	C:\Windows\SYSTEM32\ntmarta.dll
0x00007ffb798d0000 - 0x00007ffb798e7000 	C:\Windows\system32\napinsp.dll
0x00007ffb798b0000 - 0x00007ffb798cb000 	C:\Windows\system32\pnrpnsp.dll
0x00007ffb7cae0000 - 0x00007ffb7caf5000 	C:\Windows\system32\wshbth.dll
0x00007ffb928c0000 - 0x00007ffb928dd000 	C:\Windows\system32\NLAapi.dll
0x00007ffb79c20000 - 0x00007ffb79c32000 	C:\Windows\System32\winrnr.dll
0x00007ffb81dc0000 - 0x00007ffb81dca000 	C:\Windows\System32\rasadhlp.dll
0x00007ffb841c0000 - 0x00007ffb84240000 	C:\Windows\System32\fwpuclnt.dll
0x00007ffb8ded0000 - 0x00007ffb8dede000 	D:\Java\jdk-19\bin\sunmscapi.dll
0x00007ffb9ce00000 - 0x00007ffb9cf56000 	C:\Windows\System32\CRYPT32.dll
0x00007ffb9c7f0000 - 0x00007ffb9c817000 	C:\Windows\SYSTEM32\ncrypt.dll
0x00007ffb9c7b0000 - 0x00007ffb9c7eb000 	C:\Windows\SYSTEM32\NTASN1.dll
0x00007ffb82f00000 - 0x00007ffb82f08000 	D:\Java\jdk-19\bin\extnet.dll
0x00007ffb7ec30000 - 0x00007ffb7ec3a000 	D:\Java\jdk-19\bin\management.dll
0x00007ffb7a910000 - 0x00007ffb7a91b000 	D:\Java\jdk-19\bin\management_ext.dll
0x00007ffb9e8e0000 - 0x00007ffb9e8e8000 	C:\Windows\System32\PSAPI.DLL
0x00007ffb882d0000 - 0x00007ffb882d7000 	C:\Windows\system32\wshunix.dll
0x00007ffb6c4a0000 - 0x00007ffb6c631000 	D:\Java\jdk-19\bin\awt.dll
0x00007ffb9e8f0000 - 0x00007ffb9e9bd000 	C:\Windows\System32\OLEAUT32.dll
0x00007ffb9a680000 - 0x00007ffb9a710000 	C:\Windows\SYSTEM32\apphelp.dll
0x00007ffb9a780000 - 0x00007ffb9a81e000 	C:\Windows\system32\uxtheme.dll
0x00007ffb9d9f0000 - 0x00007ffb9db04000 	C:\Windows\System32\MSCTF.dll
0x00007ffb9db10000 - 0x00007ffb9dc3a000 	C:\Windows\System32\ole32.dll
0x00007ffb98a60000 - 0x00007ffb98a74000 	C:\Windows\system32\Wtsapi32.dll
0x00007ffb9c710000 - 0x00007ffb9c774000 	C:\Windows\SYSTEM32\WINSTA.dll
0x00007ffb98900000 - 0x00007ffb989f6000 	C:\Windows\SYSTEM32\PROPSYS.dll
0x00007ffb8b460000 - 0x00007ffb8b64c000 	C:\Windows\SYSTEM32\urlmon.dll
0x00007ffb8b430000 - 0x00007ffb8b458000 	C:\Windows\SYSTEM32\srvcli.dll
0x00007ffb9c270000 - 0x00007ffb9c27c000 	C:\Windows\SYSTEM32\netutils.dll
0x00007ffb8c580000 - 0x00007ffb8c831000 	C:\Windows\SYSTEM32\iertutil.dll
0x00007ffb9d940000 - 0x00007ffb9d9e9000 	C:\Windows\System32\clbcatq.dll
0x00007ffb84380000 - 0x00007ffb8439d000 	C:\Windows\System32\Windows.Shell.ServiceHostBuilder.dll
0x00007ffb97610000 - 0x00007ffb97ddb000 	C:\Windows\System32\OneCoreUAPCommonProxyStub.dll
0x00007ffb85b80000 - 0x00007ffb85cc6000 	C:\Windows\System32\Windows.StateRepositoryPS.dll
0x00007ffb98cf0000 - 0x00007ffb98e44000 	C:\Windows\System32\WinTypes.dll
0x00007ffb7f9b0000 - 0x00007ffb7f9d4000 	C:\Windows\SYSTEM32\edputil.dll
0x00007ffb86bc0000 - 0x00007ffb86bcc000 	C:\Windows\SYSTEM32\Secur32.dll
0x00007ffb9cc80000 - 0x00007ffb9ccb2000 	C:\Windows\SYSTEM32\SSPICLI.DLL
0x00007ffb792f0000 - 0x00007ffb79332000 	C:\Windows\SYSTEM32\MLANG.dll
0x00007ffb87120000 - 0x00007ffb875f9000 	C:\Windows\SYSTEM32\WININET.dll
0x00007ffb77630000 - 0x00007ffb7767c000 	C:\Windows\System32\Windows.UI.AppDefaults.dll
0x00007ffb92350000 - 0x00007ffb923f3000 	C:\Windows\SYSTEM32\policymanager.dll
0x00007ffb9be20000 - 0x00007ffb9beaa000 	C:\Windows\SYSTEM32\msvcp110_win.dll
0x00007ffb9d490000 - 0x00007ffb9d4de000 	C:\Windows\System32\CFGMGR32.dll
0x00007ffb85d70000 - 0x00007ffb85def000 	C:\Windows\System32\OneCoreCommonProxyStub.dll
0x00007ffb890e0000 - 0x00007ffb8918c000 	C:\Windows\SYSTEM32\TextShaping.dll
0x00007ffb9aa70000 - 0x00007ffb9aa9f000 	C:\Windows\system32\DWMAPI.DLL
0x00007ffb5bf10000 - 0x00007ffb5c035000 	C:\Windows\system32\opengl32.dll
0x00007ffb5bee0000 - 0x00007ffb5bf0c000 	C:\Windows\SYSTEM32\GLU32.dll
0x00007ffb51820000 - 0x00007ffb519ee000 	C:\Windows\system32\d3d9.dll
0x00007ffb954c0000 - 0x00007ffb9569b000 	C:\Windows\System32\DriverStore\FileRepository\u0364884.inf_amd64_07f0299bfe315e96\B364490\aticfx64.dll
0x00007ffb6fe30000 - 0x00007ffb6fe63000 	C:\Windows\System32\DriverStore\FileRepository\u0364884.inf_amd64_07f0299bfe315e96\B364490\atiu9p64.dll
0x00007ffb35050000 - 0x00007ffb35d71000 	C:\Windows\System32\DriverStore\FileRepository\u0364884.inf_amd64_07f0299bfe315e96\B364490\atiumd64.dll
0x000000006b750000 - 0x000000006c612000 	C:\Windows\System32\DriverStore\FileRepository\u0364884.inf_amd64_07f0299bfe315e96\B364490\atiumd6a.dll
0x00007ffb9cb50000 - 0x00007ffb9cb9b000 	C:\Windows\SYSTEM32\POWRPROF.dll
0x00007ffb9cb30000 - 0x00007ffb9cb42000 	C:\Windows\SYSTEM32\UMPDC.dll
0x00007ffb93220000 - 0x00007ffb93250000 	C:\Windows\SYSTEM32\amdihk64.dll

dbghelp: loaded successfully - version: 4.0.5 - missing functions: none
symbol engine: initialized successfully - sym options: 0x614 - pdb path: .;D:\Java\jdk-19\bin;C:\Windows\SYSTEM32;C:\Windows\WinSxS\amd64_microsoft.windows.common-controls_6595b64144ccf1df_6.0.19041.1110_none_60b5254171f9507e;D:\Java\jdk-19\bin\server;C:\Windows\System32\DriverStore\FileRepository\u0364884.inf_amd64_07f0299bfe315e96\B364490

VM Arguments:
java_command: io.qameta.allure.CommandLine serve C:\Git\Java45\ChromDriverDucksAllure\target\allure-results
java_class_path (initial): C:\Git\Java45\ChromDriverDucksAllure\.allure\allure-2.14.0\lib\allure-commandline-2.14.0.jar;C:\Git\Java45\ChromDriverDucksAllure\.allure\allure-2.14.0\lib\jcommander-1.81.jar;C:\Git\Java45\ChromDriverDucksAllure\.allure\allure-2.14.0\lib\allure-generator-2.14.0.jar;C:\Git\Java45\ChromDriverDucksAllure\.allure\allure-2.14.0\lib\jackson-dataformat-xml-2.12.3.jar;C:\Git\Java45\ChromDriverDucksAllure\.allure\allure-2.14.0\lib\jackson-module-jaxb-annotations-2.12.3.jar;C:\Git\Java45\ChromDriverDucksAllure\.allure\allure-2.14.0\lib\jackson-annotations-2.12.3.jar;C:\Git\Java45\ChromDriverDucksAllure\.allure\allure-2.14.0\lib\jackson-core-2.12.3.jar;C:\Git\Java45\ChromDriverDucksAllure\.allure\allure-2.14.0\lib\jackson-dataformat-yaml-2.12.3.jar;C:\Git\Java45\ChromDriverDucksAllure\.allure\allure-2.14.0\lib\allure-plugin-api-2.14.0.jar;C:\Git\Java45\ChromDriverDucksAllure\.allure\allure-2.14.0\lib\allure-model-2.13.0.jar;C:\Git\Java45\ChromDriverDucksAllure\.allure\allure-2.14.0\lib\jackson-databind-2.12.3.jar;C:\Git\Java45\ChromDriverDucksAllure\.allure\allure-2.14.0\lib\commons-io-2.8.0.jar;C:\Git\Java45\ChromDriverDucksAllure\.allure\allure-2.14.0\lib\jetty-server-9.4.20.v20190813.jar;C:\Git\Java45\ChromDriverDucksAllure\.allure\allure-2.14.0\lib\slf4j-log4j12-1.7.28.jar;C:\Git\Java45\ChromDriverDucksAllure\.allure\allure-2.14.0\lib\snakeyaml-1.27.jar;C:\Git\Java45\ChromDriverDucksAllure\.allure\allure-2.14.0\lib\javax.servlet-api-3.1.0.jar;C:\Git\Java45\ChromDriverDucksAllure\.allure\allure-2.14.0\lib\jetty-http-9.4.20.v20190813.jar;C:\Git\Java45\ChromDriverDucksAllure\.allure\allure-2.14.0\lib\jetty-io-9.4.20.v20190813.jar;C:\Git\Java45\ChromDriverDucksAllure\.allure\allure-2.14.0\lib\allure1-model-1.0.jar;C:\Git\Java45\ChromDriverDucksAllure\.allure\allure-2.14.0\lib\slf4j-api-1.7.28.jar;C:\Git\Java45\ChromDriverDucksAllure\.allure\allure-2.14.0\lib\log4j-1.2.17.jar;C:\Git\Java45\ChromDriverDucksAllure\.allure\allure-2.14.0\lib\jaxb-api-2.3.1.jar;C:\Git\Java45\ChromDriverDucksAllure\.allure\allure-2.14.0\lib\httpclient-4.5.13.jar;C:\Git\Java45\ChromDriverDucksAllure\.allure\allure-2.14.0\lib\tika-core-1.26.jar;C:\Git\Java45\ChromDriverDucksAllure\.allure\allure-2.14.0\lib\freemarker-2.3.31.jar;C:\Git\Java45\ChromDriverDucksAllure\.allure\allure-2.14.0\lib\jetty-util-9.4.20.v20190813.jar;C:\Git\Java45\ChromDriverDucksAllure\.allure\allure-2.14.0\lib\opencsv-4.6.jar;C:\Git\Java45\ChromDriverDucksAllure\.allure\allure-2.14.0\lib\flexmark-0.62.2.jar;C:\Git\Java45\ChromDriverDucksAllure\.allure\allure-2.14.0\lib\woodstox-core-6.2.4.jar;C:\Git\Java45\ChromDriverDucksAllure\.allure\allure-2.14.0\lib\stax2-api-4.2.1.jar;C:\Git\Java45\ChromDriverDucksAllure\.allure\allure-2.14.0\lib\javax.activation-api-1.2.0.jar;C:\Git\Java45\ChromDriverDucksAllure\.allure\allure-2.14.0\lib\properties-2.0.RC5.jar;C:\Git\Java45\ChromDriverDucksAllure\.allure\allure-2.14.0\lib\jaxb-utils-1.0.jar;C:\Git\Java45\ChromDriverDucksAllure\.allure\allure-2.14.0\lib\httpcore-4.4.13.jar;C:\Git\Java45\ChromDriverDucksAllure\.allure\allure-2.14.0\lib\commons-beanutils-1.9.3.jar;C:\Git\Java45\ChromDriverDucksAllure\.allure\allure-2.14.0\lib\commons-logging-1.2.jar;C:\Git\Java45\ChromDriverDucksAllure\.allure\allure-2.14.0\lib\commons-codec-1.11.jar;C:\Git\Java45\ChromDriverDucksAllure\.allure\allure-2.14.0\lib\commons-text-1.3.jar;C:\Git\Java45\ChromDriverDucksAllure\.allure\allure-2.14.0\lib\commons-lang3-3.12.0.jar;C:\Git\Java45\ChromDriverDucksAllure\.allure\allure-2.14.0\lib\commons-collections4-4.2.jar;C:\Git\Java45\ChromDriverDucksAllure\.allure\allure-2.14.0\lib\flexmark-util-format-0.62.2.jar;C:\Git\Java45\ChromDriverDucksAllure\.allure\allure-2.14.0\lib\flexmark-util-ast-0.62.2.jar;C:\Git\Java45\ChromDriverDucksAllure\.allure\allure-2.14.0\lib\flexmark-util-builder-0.62.2.jar;C:\Git\Java45\ChromDriverDucksAllure\.allure\allure-2.14.0\lib\flexmark-util-dependency-0.62.2.jar;C:\Git\Java45\ChromDriverDucksAllure\.allure\allure-2.14.0\lib\flexmark-util-html-0.62.2.jar;C:\Git\Java45\ChromDriverDucksAllure\.allure\allure-2.14.0\lib\flexmark-util-sequence-0.62.2.jar;C:\Git\Java45\ChromDriverDucksAllure\.allure\allure-2.14.0\lib\flexmark-util-collection-0.62.2.jar;C:\Git\Java45\ChromDriverDucksAllure\.allure\allure-2.14.0\lib\flexmark-util-data-0.62.2.jar;C:\Git\Java45\ChromDriverDucksAllure\.allure\allure-2.14.0\lib\flexmark-util-misc-0.62.2.jar;C:\Git\Java45\ChromDriverDucksAllure\.allure\allure-2.14.0\lib\flexmark-util-visitor-0.62.2.jar;C:\Git\Java45\ChromDriverDucksAllure\.allure\allure-2.14.0\lib\jakarta.xml.bind-api-2.3.2.jar;C:\Git\Java45\ChromDriverDucksAllure\.allure\allure-2.14.0\lib\jakarta.activation-api-1.2.1.jar;C:\Git\Java45\ChromDriverDucksAllure\.allure\allure-2.14.0\lib\commons-collections-3.2.2.jar;C:\Git\Java45\ChromDriverDucksAllure\.allure\allure-2.14.0\lib\annotations-15.0.jar;C:\Git\Java45\ChromDriverDucksAllure\.allure\allure-2.14.0\lib\config
Launcher Type: SUN_STANDARD

[Global flags]
     intx CICompilerCount                          = 2                                         {product} {ergonomic}
     uint ConcGCThreads                            = 1                                         {product} {ergonomic}
     uint G1ConcRefinementThreads                  = 2                                         {product} {ergonomic}
   size_t G1HeapRegionSize                         = 1048576                                   {product} {ergonomic}
    uintx GCDrainStackTargetSize                   = 64                                        {product} {ergonomic}
   size_t InitialHeapSize                          = 67108864                                  {product} {ergonomic}
   size_t MarkStackSize                            = 4194304                                   {product} {ergonomic}
   size_t MaxHeapSize                              = 1044381696                                {product} {ergonomic}
   size_t MaxNewSize                               = 625999872                                 {product} {ergonomic}
   size_t MinHeapDeltaBytes                        = 1048576                                   {product} {ergonomic}
   size_t MinHeapSize                              = 8388608                                   {product} {ergonomic}
    uintx NonNMethodCodeHeapSize                   = 5826188                                {pd product} {ergonomic}
    uintx NonProfiledCodeHeapSize                  = 122916026                              {pd product} {ergonomic}
    uintx ProfiledCodeHeapSize                     = 122916026                              {pd product} {ergonomic}
    uintx ReservedCodeCacheSize                    = 251658240                              {pd product} {ergonomic}
     bool SegmentedCodeCache                       = true                                      {product} {ergonomic}
   size_t SoftMaxHeapSize                          = 1044381696                             {manageable} {ergonomic}
     bool UseCompressedClassPointers               = true                           {product lp64_product} {ergonomic}
     bool UseCompressedOops                        = true                           {product lp64_product} {ergonomic}
     bool UseG1GC                                  = true                                      {product} {ergonomic}
     bool UseLargePagesIndividualAllocation        = false                                  {pd product} {ergonomic}

Logging:
Log output configuration:
 #0: stdout all=warning uptime,level,tags foldmultilines=false
 #1: stderr all=off uptime,level,tags foldmultilines=false

Environment Variables:
CLASSPATH=C:\Git\Java45\ChromDriverDucksAllure\.allure\allure-2.14.0\lib\allure-commandline-2.14.0.jar;C:\Git\Java45\ChromDriverDucksAllure\.allure\allure-2.14.0\lib\jcommander-1.81.jar;C:\Git\Java45\ChromDriverDucksAllure\.allure\allure-2.14.0\lib\allure-generator-2.14.0.jar;C:\Git\Java45\ChromDriverDucksAllure\.allure\allure-2.14.0\lib\jackson-dataformat-xml-2.12.3.jar;C:\Git\Java45\ChromDriverDucksAllure\.allure\allure-2.14.0\lib\jackson-module-jaxb-annotations-2.12.3.jar;C:\Git\Java45\ChromDriverDucksAllure\.allure\allure-2.14.0\lib\jackson-annotations-2.12.3.jar;C:\Git\Java45\ChromDriverDucksAllure\.allure\allure-2.14.0\lib\jackson-core-2.12.3.jar;C:\Git\Java45\ChromDriverDucksAllure\.allure\allure-2.14.0\lib\jackson-dataformat-yaml-2.12.3.jar;C:\Git\Java45\ChromDriverDucksAllure\.allure\allure-2.14.0\lib\allure-plugin-api-2.14.0.jar;C:\Git\Java45\ChromDriverDucksAllure\.allure\allure-2.14.0\lib\allure-model-2.13.0.jar;C:\Git\Java45\ChromDriverDucksAllure\.allure\allure-2.14.0\lib\jackson-databind-2.12.3.jar;C:\Git\Java45\ChromDriverDucksAllure\.allure\allure-2.14.0\lib\commons-io-2.8.0.jar;C:\Git\Java45\ChromDriverDucksAllure\.allure\allure-2.14.0\lib\jetty-server-9.4.20.v20190813.jar;C:\Git\Java45\ChromDriverDucksAllure\.allure\allure-2.14.0\lib\slf4j-log4j12-1.7.28.jar;C:\Git\Java45\ChromDriverDucksAllure\.allure\allure-2.14.0\lib\snakeyaml-1.27.jar;C:\Git\Java45\ChromDriverDucksAllure\.allure\allure-2.14.0\lib\javax.servlet-api-3.1.0.jar;C:\Git\Java45\ChromDriverDucksAllure\.allure\allure-2.14.0\lib\jetty-http-9.4.20.v20190813.jar;C:\Git\Java45\ChromDriverDucksAllure\.allure\allure-2.14.0\lib\jetty-io-9.4.20.v20190813.jar;C:\Git\Java45\ChromDriverDucksAllure\.allure\allure-2.14.0\lib\allure1-model-1.0.jar;C:\Git\Java45\ChromDriverDucksAllure\.allure\allure-2.14.0\lib\slf4j-api-1.7.28.jar;C:\Git\Java45\ChromDriverDucksAllure\.allure\allure-2.14.0\lib\log4j-1.2.17.jar;C:\Git\Java45\ChromDriverDucksAllure\.allure\allure-2.14.0\lib\jaxb-api-2.3.1.jar;C:\Git\Java45\ChromDriverDucksAllure\.allure\allure-2.14.0\lib\httpclient-4.5.13.jar;C:\Git\Java45\ChromDriverDucksAllure\.allure\allure-2.14.0\lib\tika-core-1.26.jar;C:\Git\Java45\ChromDriverDucksAllure\.allure\allure-2.14.0\lib\freemarker-2.3.31.jar;C:\Git\Java45\ChromDriverDucksAllure\.allure\allure-2.14.0\lib\jetty-util-9.4.20.v20190813.jar;C:\Git\Java45\ChromDriverDucksAllure\.allure\allure-2.14.0\lib\opencsv-4.6.jar;C:\Git\Java45\ChromDriverDucksAllure\.allure\allure-2.14.0\lib\flexmark-0.62.2.jar;C:\Git\Java45\ChromDriverDucksAllure\.allure\allure-2.14.0\lib\woodstox-core-6.2.4.jar;C:\Git\Java45\ChromDriverDucksAllure\.allure\allure-2.14.0\lib\stax2-api-4.2.1.jar;C:\Git\Java45\ChromDriverDucksAllure\.allure\allure-2.14.0\lib\javax.activation-api-1.2.0.jar;C:\Git\Java45\ChromDriverDucksAllure\.allure\allure-2.14.0\lib\properties-2.0.RC5.jar;C:\Git\Java45\ChromDriverDucksAllure\.allure\allure-2.14.0\lib\jaxb-utils-1.0.jar;C:\Git\Java45\ChromDriverDucksAllure\.allure\allure-2.14.0\lib\httpcore-4.4.13.jar;C:\Git\Java45\ChromDriverDucksAllure\.allure\allure-2.14.0\lib\commons-beanutils-1.9.3.jar;C:\Git\Java45\ChromDriverDucksAllure\.allure\allure-2.14.0\lib\commons-logging-1.2.jar;C:\Git\Java45\ChromDriverDucksAllure\.allure\allure-2.14.0\lib\commons-codec-1.11.jar;C:\Git\Java45\ChromDriverDucksAllure\.allure\allure-2.14.0\lib\commons-text-1.3.jar;C:\Git\Java45\ChromDriverDucksAllure\.allure\allure-2.14.0\lib\commons-lang3-3.12.0.jar;C:\Git\Java45\ChromDriverDucksAllure\.allure\allure-2.14.0\lib\commons-collections4-4.2.jar;C:\Git\Java45\ChromDriverDucksAllure\.allure\allure-2.14.0\lib\flexmark-util-format-0.62.2.jar;C:\Git\Java45\ChromDriverDucksAllure\.allure\allure-2.14.0\lib\flexmark-util-ast-0.62.2.jar;C:\Git\Java45\ChromDriverDucksAllure\.allure\allure-2.14.0\lib\flexmark-util-builder-0.62.2.jar;C:\Git\Java45\ChromDriverDucksAllure\.allure\allure-2.14.0\lib\flexmark-util-dependency-0.62.2.jar;C:\Git\Java45\ChromDriverDucksAllure\.allure\allure-2.14.0\lib\flexmark-util-html-0.62.2.jar;C:\Git\Java45\ChromDriverDucksAllure\.allure\allure-2.14.0\lib\flexmark-util-sequence-0.62.2.jar;C:\Git\Java45\ChromDriverDucksAllure\.allure\allure-2.14.0\lib\flexmark-util-collection-0.62.2.jar;C:\Git\Java45\ChromDriverDucksAllure\.allure\allure-2.14.0\lib\flexmark-util-data-0.62.2.jar;C:\Git\Java45\ChromDriverDucksAllure\.allure\allure-2.14.0\lib\flexmark-util-misc-0.62.2.jar;C:\Git\Java45\ChromDriverDucksAllure\.allure\allure-2.14.0\lib\flexmark-util-visitor-0.62.2.jar;C:\Git\Java45\ChromDriverDucksAllure\.allure\allure-2.14.0\lib\jakarta.xml.bind-api-2.3.2.jar;C:\Git\Java45\ChromDriverDucksAllure\.allure\allure-2.14.0\lib\jakarta.activation-api-1.2.1.jar;C:\Git\Java45\ChromDriverDucksAllure\.allure\allure-2.14.0\lib\commons-collections-3.2.2.jar;C:\Git\Java45\ChromDriverDucksAllure\.allure\allure-2.14.0\lib\annotations-15.0.jar;C:\Git\Java45\ChromDriverDucksAllure\.allure\allure-2.14.0\lib\config
PATH=C:\Program Files\Common Files\Oracle\Java\javapath;C:\Windows\system32;C:\Windows;C:\Windows\System32\Wbem;C:\Windows\System32\WindowsPowerShell\v1.0\;C:\Windows\System32\OpenSSH\;C:\Program Files\7-Zip;D:\Testing\;c:\ediabas\bin;C:\Gradle\gradle-8.0.2\bin;C:\Users\HP\apache-maven-3.9.0\bin;C:\Program Files\Git\cmd;D:\\chromedriver_win32;C:\Users\HP\allure-2.9.0\bin;C:\Users\HP\AppData\Local\Microsoft\WindowsApps;
USERNAME=HP
OS=Windows_NT
PROCESSOR_IDENTIFIER=AMD64 Family 21 Model 112 Stepping 0, AuthenticAMD
TMP=C:\Users\HP\AppData\Local\Temp
TEMP=C:\Users\HP\AppData\Local\Temp



---------------  S Y S T E M  ---------------

OS:
 Windows 10 , 64 bit Build 19041 (10.0.19041.2546)
OS uptime: 0 days 7:53 hours

CPU: total 2 (initial active 2) (2 cores per cpu, 1 threads per core) family 21 model 112 stepping 0 microcode 0x0, cx8, cmov, fxsr, mmx, 3dnowpref, sse, sse2, sse3, ssse3, sse4a, sse4.1, sse4.2, popcnt, lzcnt, tsc, tscinvbit, avx, avx2, aes, clmul, bmi1, bmi2, fma, vzeroupper, clflush, rdtscp

Memory: 4k page, system-wide physical 3977M (208M free)
TotalPageFile size 11448M (AvailPageFile size 0M)
current process WorkingSet (physical memory assigned to process): 34M, peak: 150M
current process commit charge ("private bytes"): 162M, peak: 176M

vm_info: Java HotSpot(TM) 64-Bit Server VM (19.0.2+7-44) for windows-amd64 JRE (19.0.2+7-44), built on 2022-11-30T18:02:09Z by "mach5one" with MS VC++ 17.1 (VS2022)

END.
